{"meta": {"format": 3, "version": "7.11.0", "timestamp": "2025-11-19T07:07:04.613417", "branch_coverage": true, "show_contexts": false}, "files": {"src/antibody_training_esm/__init__.py": {"executed_lines": [], "summary": {"covered_lines": 0, "num_statements": 0, "percent_covered": 100.0, "percent_covered_display": "100.00", "missing_lines": 0, "excluded_lines": 0, "num_branches": 0, "num_partial_branches": 0, "covered_branches": 0, "missing_branches": 0}, "missing_lines": [], "excluded_lines": [], "executed_branches": [], "missing_branches": [], "functions": {"": {"executed_lines": [], "summary": {"covered_lines": 0, "num_statements": 0, "percent_covered": 100.0, "percent_covered_display": "100.00", "missing_lines": 0, "excluded_lines": 0, "num_branches": 0, "num_partial_branches": 0, "covered_branches": 0, "missing_branches": 0}, "missing_lines": [], "excluded_lines": [], "executed_branches": [], "missing_branches": []}}, "classes": {"": {"executed_lines": [], "summary": {"covered_lines": 0, "num_statements": 0, "percent_covered": 100.0, "percent_covered_display": "100.00", "missing_lines": 0, "excluded_lines": 0, "num_branches": 0, "num_partial_branches": 0, "covered_branches": 0, "missing_branches": 0}, "missing_lines": [], "excluded_lines": [], "executed_branches": [], "missing_branches": []}}}, "src/antibody_training_esm/cli/__init__.py": {"executed_lines": [1, 10], "summary": {"covered_lines": 1, "num_statements": 1, "percent_covered": 100.0, "percent_covered_display": "100.00", "missing_lines": 0, "excluded_lines": 0, "num_branches": 0, "num_partial_branches": 0, "covered_branches": 0, "missing_branches": 0}, "missing_lines": [], "excluded_lines": [], "executed_branches": [], "missing_branches": [], "functions": {"": {"executed_lines": [1, 10], "summary": {"covered_lines": 1, "num_statements": 1, "percent_covered": 100.0, "percent_covered_display": "100.00", "missing_lines": 0, "excluded_lines": 0, "num_branches": 0, "num_partial_branches": 0, "covered_branches": 0, "missing_branches": 0}, "missing_lines": [], "excluded_lines": [], "executed_branches": [], "missing_branches": []}}, "classes": {"": {"executed_lines": [1, 10], "summary": {"covered_lines": 1, "num_statements": 1, "percent_covered": 100.0, "percent_covered_display": "100.00", "missing_lines": 0, "excluded_lines": 0, "num_branches": 0, "num_partial_branches": 0, "covered_branches": 0, "missing_branches": 0}, "missing_lines": [], "excluded_lines": [], "executed_branches": [], "missing_branches": []}}}, "src/antibody_training_esm/cli/predict.py": {"executed_lines": [], "summary": {"covered_lines": 0, "num_statements": 25, "percent_covered": 0.0, "percent_covered_display": "0.00", "missing_lines": 25, "excluded_lines": 2, "num_branches": 6, "num_partial_branches": 0, "covered_branches": 0, "missing_branches": 6}, "missing_lines": [1, 3, 4, 5, 7, 10, 11, 14, 15, 19, 20, 29, 30, 31, 36, 38, 41, 44, 46, 48, 49, 50, 51, 52, 53], "excluded_lines": [56, 57], "executed_branches": [], "missing_branches": [[14, 15], [14, 19], [19, 20], [19, 29], [30, 31], [30, 36]], "functions": {"main": {"executed_lines": [], "summary": {"covered_lines": 0, "num_statements": 18, "percent_covered": 0.0, "percent_covered_display": "0.00", "missing_lines": 18, "excluded_lines": 0, "num_branches": 6, "num_partial_branches": 0, "covered_branches": 0, "missing_branches": 6}, "missing_lines": [14, 15, 19, 20, 29, 30, 31, 36, 38, 41, 44, 46, 48, 49, 50, 51, 52, 53], "excluded_lines": [], "executed_branches": [], "missing_branches": [[14, 15], [14, 19], [19, 20], [19, 29], [30, 31], [30, 36]]}, "": {"executed_lines": [], "summary": {"covered_lines": 0, "num_statements": 7, "percent_covered": 0.0, "percent_covered_display": "0.00", "missing_lines": 7, "excluded_lines": 2, "num_branches": 0, "num_partial_branches": 0, "covered_branches": 0, "missing_branches": 0}, "missing_lines": [1, 3, 4, 5, 7, 10, 11], "excluded_lines": [56, 57], "executed_branches": [], "missing_branches": []}}, "classes": {"": {"executed_lines": [], "summary": {"covered_lines": 0, "num_statements": 25, "percent_covered": 0.0, "percent_covered_display": "0.00", "missing_lines": 25, "excluded_lines": 2, "num_branches": 6, "num_partial_branches": 0, "covered_branches": 0, "missing_branches": 6}, "missing_lines": [1, 3, 4, 5, 7, 10, 11, 14, 15, 19, 20, 29, 30, 31, 36, 38, 41, 44, 46, 48, 49, 50, 51, 52, 53], "excluded_lines": [56, 57], "executed_branches": [], "missing_branches": [[14, 15], [14, 19], [19, 20], [19, 29], [30, 31], [30, 36]]}}}, "src/antibody_training_esm/cli/preprocess.py": {"executed_lines": [1, 7, 8, 11, 19, 29, 38, 40, 41, 42, 45, 48, 50, 57, 58, 59, 61, 62, 63, 66, 67, 69, 70, 71, 73, 83], "summary": {"covered_lines": 24, "num_statements": 30, "percent_covered": 78.125, "percent_covered_display": "78.12", "missing_lines": 6, "excluded_lines": 2, "num_branches": 2, "num_partial_branches": 1, "covered_branches": 1, "missing_branches": 1}, "missing_lines": [75, 76, 77, 78, 79, 80], "excluded_lines": [83, 84], "executed_branches": [[58, 59]], "missing_branches": [[58, 61]], "functions": {"main": {"executed_lines": [19, 29, 38, 40, 41, 42, 45, 48, 50, 57, 58, 59, 61, 62, 63, 66, 67, 69, 70, 71, 73], "summary": {"covered_lines": 21, "num_statements": 27, "percent_covered": 75.86206896551724, "percent_covered_display": "75.86", "missing_lines": 6, "excluded_lines": 0, "num_branches": 2, "num_partial_branches": 1, "covered_branches": 1, "missing_branches": 1}, "missing_lines": [75, 76, 77, 78, 79, 80], "excluded_lines": [], "executed_branches": [[58, 59]], "missing_branches": [[58, 61]]}, "": {"executed_lines": [1, 7, 8, 11, 83], "summary": {"covered_lines": 3, "num_statements": 3, "percent_covered": 100.0, "percent_covered_display": "100.00", "missing_lines": 0, "excluded_lines": 2, "num_branches": 0, "num_partial_branches": 0, "covered_branches": 0, "missing_branches": 0}, "missing_lines": [], "excluded_lines": [83, 84], "executed_branches": [], "missing_branches": []}}, "classes": {"": {"executed_lines": [1, 7, 8, 11, 19, 29, 38, 40, 41, 42, 45, 48, 50, 57, 58, 59, 61, 62, 63, 66, 67, 69, 70, 71, 73, 83], "summary": {"covered_lines": 24, "num_statements": 30, "percent_covered": 78.125, "percent_covered_display": "78.12", "missing_lines": 6, "excluded_lines": 2, "num_branches": 2, "num_partial_branches": 1, "covered_branches": 1, "missing_branches": 1}, "missing_lines": [75, 76, 77, 78, 79, 80], "excluded_lines": [83, 84], "executed_branches": [[58, 59]], "missing_branches": [[58, 61]]}}}, "src/antibody_training_esm/cli/test.py": {"executed_lines": [2, 16, 17, 19, 24, 27, 29, 54, 57, 58, 59, 64, 69, 74, 80, 85, 90, 94, 97, 98, 99, 102, 103, 105, 106, 108, 113, 114, 115, 116, 117, 119, 120, 121, 122, 125, 126, 127, 129, 130, 131, 132, 135, 136, 137, 138, 139, 140, 141, 142, 144, 146, 149, 150, 151, 154], "summary": {"covered_lines": 54, "num_statements": 57, "percent_covered": 93.82716049382717, "percent_covered_display": "93.83", "missing_lines": 3, "excluded_lines": 2, "num_branches": 24, "num_partial_branches": 2, "covered_branches": 22, "missing_branches": 2}, "missing_lines": [118, 147, 148], "excluded_lines": [154, 155], "executed_branches": [[97, 98], [97, 102], [102, 103], [102, 105], [105, 106], [105, 108], [113, 114], [113, 115], [115, 116], [115, 117], [117, 119], [119, 120], [119, 121], [121, 122], [121, 125], [135, 136], [135, 144], [138, 135], [138, 139], [140, 141], [141, 138], [141, 142]], "missing_branches": [[117, 118], [140, 138]], "functions": {"main": {"executed_lines": [29, 54, 57, 58, 59, 64, 69, 74, 80, 85, 90, 94, 97, 98, 99, 102, 103, 105, 106, 108, 113, 114, 115, 116, 117, 119, 120, 121, 122, 125, 126, 127, 129, 130, 131, 132, 135, 136, 137, 138, 139, 140, 141, 142, 144, 146, 149, 150, 151], "summary": {"covered_lines": 49, "num_statements": 52, "percent_covered": 93.42105263157895, "percent_covered_display": "93.42", "missing_lines": 3, "excluded_lines": 0, "num_branches": 24, "num_partial_branches": 2, "covered_branches": 22, "missing_branches": 2}, "missing_lines": [118, 147, 148], "excluded_lines": [], "executed_branches": [[97, 98], [97, 102], [102, 103], [102, 105], [105, 106], [105, 108], [113, 114], [113, 115], [115, 116], [115, 117], [117, 119], [119, 120], [119, 121], [121, 122], [121, 125], [135, 136], [135, 144], [138, 135], [138, 139], [140, 141], [141, 138], [141, 142]], "missing_branches": [[117, 118], [140, 138]]}, "": {"executed_lines": [2, 16, 17, 19, 24, 27, 154], "summary": {"covered_lines": 5, "num_statements": 5, "percent_covered": 100.0, "percent_covered_display": "100.00", "missing_lines": 0, "excluded_lines": 2, "num_branches": 0, "num_partial_branches": 0, "covered_branches": 0, "missing_branches": 0}, "missing_lines": [], "excluded_lines": [154, 155], "executed_branches": [], "missing_branches": []}}, "classes": {"": {"executed_lines": [2, 16, 17, 19, 24, 27, 29, 54, 57, 58, 59, 64, 69, 74, 80, 85, 90, 94, 97, 98, 99, 102, 103, 105, 106, 108, 113, 114, 115, 116, 117, 119, 120, 121, 122, 125, 126, 127, 129, 130, 131, 132, 135, 136, 137, 138, 139, 140, 141, 142, 144, 146, 149, 150, 151, 154], "summary": {"covered_lines": 54, "num_statements": 57, "percent_covered": 93.82716049382717, "percent_covered_display": "93.83", "missing_lines": 3, "excluded_lines": 2, "num_branches": 24, "num_partial_branches": 2, "covered_branches": 22, "missing_branches": 2}, "missing_lines": [118, 147, 148], "excluded_lines": [154, 155], "executed_branches": [[97, 98], [97, 102], [102, 103], [102, 105], [105, 106], [105, 108], [113, 114], [113, 115], [115, 116], [115, 117], [117, 119], [119, 120], [119, 121], [121, 122], [121, 125], [135, 136], [135, 144], [138, 135], [138, 139], [140, 141], [141, 138], [141, 142]], "missing_branches": [[117, 118], [140, 138]]}}}, "src/antibody_training_esm/cli/testing/__init__.py": {"executed_lines": [1], "summary": {"covered_lines": 0, "num_statements": 0, "percent_covered": 100.0, "percent_covered_display": "100.00", "missing_lines": 0, "excluded_lines": 0, "num_branches": 0, "num_partial_branches": 0, "covered_branches": 0, "missing_branches": 0}, "missing_lines": [], "excluded_lines": [], "executed_branches": [], "missing_branches": [], "functions": {"": {"executed_lines": [1], "summary": {"covered_lines": 0, "num_statements": 0, "percent_covered": 100.0, "percent_covered_display": "100.00", "missing_lines": 0, "excluded_lines": 0, "num_branches": 0, "num_partial_branches": 0, "covered_branches": 0, "missing_branches": 0}, "missing_lines": [], "excluded_lines": [], "executed_branches": [], "missing_branches": []}}, "classes": {"": {"executed_lines": [1], "summary": {"covered_lines": 0, "num_statements": 0, "percent_covered": 100.0, "percent_covered_display": "100.00", "missing_lines": 0, "excluded_lines": 0, "num_branches": 0, "num_partial_branches": 0, "covered_branches": 0, "missing_branches": 0}, "missing_lines": [], "excluded_lines": [], "executed_branches": [], "missing_branches": []}}}, "src/antibody_training_esm/cli/testing/config.py": {"executed_lines": [1, 3, 5, 7, 10, 11, 12, 14, 15, 16, 17, 18, 19, 20, 21, 22, 23, 27, 28, 29, 39, 41, 42, 44, 47, 49, 59, 60, 62], "summary": {"covered_lines": 27, "num_statements": 27, "percent_covered": 100.0, "percent_covered_display": "100.00", "missing_lines": 0, "excluded_lines": 0, "num_branches": 2, "num_partial_branches": 0, "covered_branches": 2, "missing_branches": 0}, "missing_lines": [], "excluded_lines": [], "executed_branches": [[28, -27], [28, 29]], "missing_branches": [], "functions": {"TestConfig.__post_init__": {"executed_lines": [28, 29], "summary": {"covered_lines": 2, "num_statements": 2, "percent_covered": 100.0, "percent_covered_display": "100.00", "missing_lines": 0, "excluded_lines": 0, "num_branches": 2, "num_partial_branches": 0, "covered_branches": 2, "missing_branches": 0}, "missing_lines": [], "excluded_lines": [], "executed_branches": [[28, -27], [28, 29]], "missing_branches": []}, "load_config_file": {"executed_lines": [41, 42, 44], "summary": {"covered_lines": 3, "num_statements": 3, "percent_covered": 100.0, "percent_covered_display": "100.00", "missing_lines": 0, "excluded_lines": 0, "num_branches": 0, "num_partial_branches": 0, "covered_branches": 0, "missing_branches": 0}, "missing_lines": [], "excluded_lines": [], "executed_branches": [], "missing_branches": []}, "create_sample_test_config": {"executed_lines": [49, 59, 60, 62], "summary": {"covered_lines": 4, "num_statements": 4, "percent_covered": 100.0, "percent_covered_display": "100.00", "missing_lines": 0, "excluded_lines": 0, "num_branches": 0, "num_partial_branches": 0, "covered_branches": 0, "missing_branches": 0}, "missing_lines": [], "excluded_lines": [], "executed_branches": [], "missing_branches": []}, "": {"executed_lines": [1, 3, 5, 7, 10, 11, 12, 14, 15, 16, 17, 18, 19, 20, 21, 22, 23, 27, 39, 47], "summary": {"covered_lines": 18, "num_statements": 18, "percent_covered": 100.0, "percent_covered_display": "100.00", "missing_lines": 0, "excluded_lines": 0, "num_branches": 0, "num_partial_branches": 0, "covered_branches": 0, "missing_branches": 0}, "missing_lines": [], "excluded_lines": [], "executed_branches": [], "missing_branches": []}}, "classes": {"TestConfig": {"executed_lines": [28, 29], "summary": {"covered_lines": 2, "num_statements": 2, "percent_covered": 100.0, "percent_covered_display": "100.00", "missing_lines": 0, "excluded_lines": 0, "num_branches": 2, "num_partial_branches": 0, "covered_branches": 2, "missing_branches": 0}, "missing_lines": [], "excluded_lines": [], "executed_branches": [[28, -27], [28, 29]], "missing_branches": []}, "": {"executed_lines": [1, 3, 5, 7, 10, 11, 12, 14, 15, 16, 17, 18, 19, 20, 21, 22, 23, 27, 39, 41, 42, 44, 47, 49, 59, 60, 62], "summary": {"covered_lines": 25, "num_statements": 25, "percent_covered": 100.0, "percent_covered_display": "100.00", "missing_lines": 0, "excluded_lines": 0, "num_branches": 0, "num_partial_branches": 0, "covered_branches": 0, "missing_branches": 0}, "missing_lines": [], "excluded_lines": [], "executed_branches": [], "missing_branches": []}}}, "src/antibody_training_esm/cli/testing/data.py": {"executed_lines": [1, 3, 4, 6, 8, 10, 13, 24, 26, 27, 31, 33, 34, 36, 37, 40, 41, 46, 47, 48, 56, 57, 58, 59, 66, 67, 69, 72, 73], "summary": {"covered_lines": 28, "num_statements": 28, "percent_covered": 100.0, "percent_covered_display": "100.00", "missing_lines": 0, "excluded_lines": 0, "num_branches": 12, "num_partial_branches": 0, "covered_branches": 12, "missing_branches": 0}, "missing_lines": [], "excluded_lines": [], "executed_branches": [[26, 27], [26, 31], [36, 37], [36, 40], [40, 41], [40, 46], [47, 48], [47, 56], [56, 57], [56, 66], [58, 59], [58, 66]], "missing_branches": [], "functions": {"load_dataset": {"executed_lines": [24, 26, 27, 31, 33, 34, 36, 37, 40, 41, 46, 47, 48, 56, 57, 58, 59, 66, 67, 69, 72, 73], "summary": {"covered_lines": 22, "num_statements": 22, "percent_covered": 100.0, "percent_covered_display": "100.00", "missing_lines": 0, "excluded_lines": 0, "num_branches": 12, "num_partial_branches": 0, "covered_branches": 12, "missing_branches": 0}, "missing_lines": [], "excluded_lines": [], "executed_branches": [[26, 27], [26, 31], [36, 37], [36, 40], [40, 41], [40, 46], [47, 48], [47, 56], [56, 57], [56, 66], [58, 59], [58, 66]], "missing_branches": []}, "": {"executed_lines": [1, 3, 4, 6, 8, 10, 13], "summary": {"covered_lines": 6, "num_statements": 6, "percent_covered": 100.0, "percent_covered_display": "100.00", "missing_lines": 0, "excluded_lines": 0, "num_branches": 0, "num_partial_branches": 0, "covered_branches": 0, "missing_branches": 0}, "missing_lines": [], "excluded_lines": [], "executed_branches": [], "missing_branches": []}}, "classes": {"": {"executed_lines": [1, 3, 4, 6, 8, 10, 13, 24, 26, 27, 31, 33, 34, 36, 37, 40, 41, 46, 47, 48, 56, 57, 58, 59, 66, 67, 69, 72, 73], "summary": {"covered_lines": 28, "num_statements": 28, "percent_covered": 100.0, "percent_covered_display": "100.00", "missing_lines": 0, "excluded_lines": 0, "num_branches": 12, "num_partial_branches": 0, "covered_branches": 12, "missing_branches": 0}, "missing_lines": [], "excluded_lines": [], "executed_branches": [[26, 27], [26, 31], [36, 37], [36, 40], [40, 41], [40, 46], [47, 48], [47, 56], [56, 57], [56, 66], [58, 59], [58, 66]], "missing_branches": []}}}, "src/antibody_training_esm/cli/testing/evaluation.py": {"executed_lines": [1, 3, 4, 6, 7, 18, 20, 23, 43, 46, 50, 54, 57, 81, 84, 90, 91, 98, 99, 106, 109, 112, 120, 121, 122, 123, 124, 127, 128, 129, 130, 131, 132, 133, 134, 137, 138, 139, 141], "summary": {"covered_lines": 38, "num_statements": 44, "percent_covered": 80.88235294117646, "percent_covered_display": "80.88", "missing_lines": 6, "excluded_lines": 0, "num_branches": 24, "num_partial_branches": 7, "covered_branches": 17, "missing_branches": 7}, "missing_lines": [47, 51, 86, 87, 92, 93], "excluded_lines": [], "executed_branches": [[46, 50], [50, 54], [84, 90], [91, 98], [120, 121], [121, 122], [123, 124], [123, 127], [127, 128], [127, 129], [129, 130], [131, 132], [131, 133], [133, 134], [133, 137], [138, 139], [138, 141]], "missing_branches": [[46, 47], [50, 51], [84, 86], [91, 92], [120, 137], [121, 123], [129, 131]], "functions": {"detect_assay_type": {"executed_lines": [43, 46, 50, 54], "summary": {"covered_lines": 4, "num_statements": 6, "percent_covered": 60.0, "percent_covered_display": "60.00", "missing_lines": 2, "excluded_lines": 0, "num_branches": 4, "num_partial_branches": 2, "covered_branches": 2, "missing_branches": 2}, "missing_lines": [47, 51], "excluded_lines": [], "executed_branches": [[46, 50], [50, 54]], "missing_branches": [[46, 47], [50, 51]]}, "evaluate_pretrained": {"executed_lines": [81, 84, 90, 91, 98, 99, 106, 109, 112, 120, 121, 122, 123, 124, 127, 128, 129, 130, 131, 132, 133, 134, 137, 138, 139, 141], "summary": {"covered_lines": 26, "num_statements": 30, "percent_covered": 82.0, "percent_covered_display": "82.00", "missing_lines": 4, "excluded_lines": 0, "num_branches": 20, "num_partial_branches": 5, "covered_branches": 15, "missing_branches": 5}, "missing_lines": [86, 87, 92, 93], "excluded_lines": [], "executed_branches": [[84, 90], [91, 98], [120, 121], [121, 122], [123, 124], [123, 127], [127, 128], [127, 129], [129, 130], [131, 132], [131, 133], [133, 134], [133, 137], [138, 139], [138, 141]], "missing_branches": [[84, 86], [91, 92], [120, 137], [121, 123], [129, 131]]}, "": {"executed_lines": [1, 3, 4, 6, 7, 18, 20, 23, 57], "summary": {"covered_lines": 8, "num_statements": 8, "percent_covered": 100.0, "percent_covered_display": "100.00", "missing_lines": 0, "excluded_lines": 0, "num_branches": 0, "num_partial_branches": 0, "covered_branches": 0, "missing_branches": 0}, "missing_lines": [], "excluded_lines": [], "executed_branches": [], "missing_branches": []}}, "classes": {"": {"executed_lines": [1, 3, 4, 6, 7, 18, 20, 23, 43, 46, 50, 54, 57, 81, 84, 90, 91, 98, 99, 106, 109, 112, 120, 121, 122, 123, 124, 127, 128, 129, 130, 131, 132, 133, 134, 137, 138, 139, 141], "summary": {"covered_lines": 38, "num_statements": 44, "percent_covered": 80.88235294117646, "percent_covered_display": "80.88", "missing_lines": 6, "excluded_lines": 0, "num_branches": 24, "num_partial_branches": 7, "covered_branches": 17, "missing_branches": 7}, "missing_lines": [47, 51, 86, 87, 92, 93], "excluded_lines": [], "executed_branches": [[46, 50], [50, 54], [84, 90], [91, 98], [120, 121], [121, 122], [123, 124], [123, 127], [127, 128], [127, 129], [129, 130], [131, 132], [131, 133], [133, 134], [133, 137], [138, 139], [138, 141]], "missing_branches": [[46, 47], [50, 51], [84, 86], [91, 92], [120, 137], [121, 123], [129, 131]]}}}, "src/antibody_training_esm/cli/testing/tester.py": {"executed_lines": [1, 3, 4, 5, 6, 7, 8, 10, 11, 13, 14, 15, 16, 20, 21, 22, 27, 30, 31, 33, 34, 35, 36, 37, 40, 42, 45, 47, 52, 58, 60, 62, 64, 65, 67, 68, 70, 71, 74, 78, 84, 85, 88, 89, 92, 94, 97, 100, 101, 102, 105, 107, 110, 114, 117, 119, 122, 124, 133, 135, 138, 139, 142, 143, 144, 145, 146, 162, 163, 170, 171, 174, 175, 176, 178, 180, 182, 183, 184, 185, 186, 187, 191, 197, 202, 208, 209, 212, 214, 215, 216, 218, 221, 222, 224, 227, 235, 236, 238, 242, 244, 245, 249, 251, 253, 254, 255, 257, 258, 259, 261, 263, 264, 265, 266, 267, 270, 271, 272, 278, 281, 282, 283, 285, 289, 291, 294, 302, 311, 314, 315, 320, 328, 329, 330, 331, 334, 335, 336, 341, 346, 354, 357, 369, 370, 375, 376, 381, 383], "summary": {"covered_lines": 147, "num_statements": 171, "percent_covered": 81.5668202764977, "percent_covered_display": "81.57", "missing_lines": 24, "excluded_lines": 0, "num_branches": 46, "num_partial_branches": 6, "covered_branches": 30, "missing_branches": 16}, "missing_lines": [93, 95, 149, 150, 151, 152, 154, 155, 156, 158, 188, 189, 198, 199, 273, 274, 275, 276, 358, 359, 360, 363, 364, 367], "excluded_lines": [], "executed_branches": [[64, 65], [64, 67], [70, 71], [70, 74], [74, 78], [74, 110], [92, 94], [94, 97], [110, 114], [110, 119], [138, 139], [142, 143], [142, 170], [183, -180], [183, 184], [184, 185], [197, 202], [208, 209], [208, 214], [221, 222], [221, 224], [263, 264], [263, 357], [281, 282], [281, 334], [334, 335], [334, 354], [357, 369], [369, 370], [369, 375]], "missing_branches": [[92, 93], [94, 95], [138, 142], [149, 150], [149, 151], [151, 152], [151, 154], [154, 155], [154, 158], [184, 183], [197, 198], [357, 358], [359, 360], [359, 363], [363, 364], [363, 367]], "functions": {"ModelTester.__init__": {"executed_lines": [34, 35, 36, 37, 40], "summary": {"covered_lines": 5, "num_statements": 5, "percent_covered": 100.0, "percent_covered_display": "100.00", "missing_lines": 0, "excluded_lines": 0, "num_branches": 0, "num_partial_branches": 0, "covered_branches": 0, "missing_branches": 0}, "missing_lines": [], "excluded_lines": [], "executed_branches": [], "missing_branches": []}, "ModelTester._setup_logging": {"executed_lines": [45, 47, 52, 58], "summary": {"covered_lines": 4, "num_statements": 4, "percent_covered": 100.0, "percent_covered_display": "100.00", "missing_lines": 0, "excluded_lines": 0, "num_branches": 0, "num_partial_branches": 0, "covered_branches": 0, "missing_branches": 0}, "missing_lines": [], "excluded_lines": [], "executed_branches": [], "missing_branches": []}, "ModelTester.load_model": {"executed_lines": [62, 64, 65, 67, 68, 70, 71, 74, 78, 84, 85, 88, 89, 92, 94, 97, 100, 101, 102, 105, 107, 110, 114, 117, 119, 122], "summary": {"covered_lines": 26, "num_statements": 28, "percent_covered": 90.0, "percent_covered_display": "90.00", "missing_lines": 2, "excluded_lines": 0, "num_branches": 12, "num_partial_branches": 2, "covered_branches": 10, "missing_branches": 2}, "missing_lines": [93, 95], "excluded_lines": [], "executed_branches": [[64, 65], [64, 67], [70, 71], [70, 74], [74, 78], [74, 110], [92, 94], [94, 97], [110, 114], [110, 119]], "missing_branches": [[92, 93], [94, 95]]}, "ModelTester.embed_sequences": {"executed_lines": [133, 135, 138, 139, 142, 143, 144, 145, 146, 162, 163, 170, 171, 174, 175, 176, 178], "summary": {"covered_lines": 17, "num_statements": 25, "percent_covered": 57.142857142857146, "percent_covered_display": "57.14", "missing_lines": 8, "excluded_lines": 0, "num_branches": 10, "num_partial_branches": 1, "covered_branches": 3, "missing_branches": 7}, "missing_lines": [149, 150, 151, 152, 154, 155, 156, 158], "excluded_lines": [], "executed_branches": [[138, 139], [142, 143], [142, 170]], "missing_branches": [[138, 142], [149, 150], [149, 151], [151, 152], [151, 154], [154, 155], [154, 158]]}, "ModelTester.cleanup_cached_embeddings": {"executed_lines": [182, 183, 184, 185, 186, 187], "summary": {"covered_lines": 6, "num_statements": 8, "percent_covered": 75.0, "percent_covered_display": "75.00", "missing_lines": 2, "excluded_lines": 0, "num_branches": 4, "num_partial_branches": 1, "covered_branches": 3, "missing_branches": 1}, "missing_lines": [188, 189], "excluded_lines": [], "executed_branches": [[183, -180], [183, 184], [184, 185]], "missing_branches": [[184, 183]]}, "ModelTester._compute_output_directory": {"executed_lines": [197, 202, 208, 209, 212, 214, 215, 216, 218, 221, 222, 224, 227, 235, 236, 238, 242, 244, 245, 249], "summary": {"covered_lines": 20, "num_statements": 22, "percent_covered": 89.28571428571429, "percent_covered_display": "89.29", "missing_lines": 2, "excluded_lines": 0, "num_branches": 6, "num_partial_branches": 1, "covered_branches": 5, "missing_branches": 1}, "missing_lines": [198, 199], "excluded_lines": [], "executed_branches": [[197, 202], [208, 209], [208, 214], [221, 222], [221, 224]], "missing_branches": [[197, 198]]}, "ModelTester.run_comprehensive_test": {"executed_lines": [253, 254, 255, 257, 258, 259, 261, 263, 264, 265, 266, 267, 270, 271, 272, 278, 281, 282, 283, 285, 289, 291, 294, 302, 311, 314, 315, 320, 328, 329, 330, 331, 334, 335, 336, 341, 346, 354, 357, 369, 370, 375, 376, 381, 383], "summary": {"covered_lines": 45, "num_statements": 55, "percent_covered": 78.26086956521739, "percent_covered_display": "78.26", "missing_lines": 10, "excluded_lines": 0, "num_branches": 14, "num_partial_branches": 1, "covered_branches": 9, "missing_branches": 5}, "missing_lines": [273, 274, 275, 276, 358, 359, 360, 363, 364, 367], "excluded_lines": [], "executed_branches": [[263, 264], [263, 357], [281, 282], [281, 334], [334, 335], [334, 354], [357, 369], [369, 370], [369, 375]], "missing_branches": [[357, 358], [359, 360], [359, 363], [363, 364], [363, 367]]}, "": {"executed_lines": [1, 3, 4, 5, 6, 7, 8, 10, 11, 13, 14, 15, 16, 20, 21, 22, 27, 30, 31, 33, 42, 60, 124, 180, 191, 251], "summary": {"covered_lines": 24, "num_statements": 24, "percent_covered": 100.0, "percent_covered_display": "100.00", "missing_lines": 0, "excluded_lines": 0, "num_branches": 0, "num_partial_branches": 0, "covered_branches": 0, "missing_branches": 0}, "missing_lines": [], "excluded_lines": [], "executed_branches": [], "missing_branches": []}}, "classes": {"ModelTester": {"executed_lines": [34, 35, 36, 37, 40, 45, 47, 52, 58, 62, 64, 65, 67, 68, 70, 71, 74, 78, 84, 85, 88, 89, 92, 94, 97, 100, 101, 102, 105, 107, 110, 114, 117, 119, 122, 133, 135, 138, 139, 142, 143, 144, 145, 146, 162, 163, 170, 171, 174, 175, 176, 178, 182, 183, 184, 185, 186, 187, 197, 202, 208, 209, 212, 214, 215, 216, 218, 221, 222, 224, 227, 235, 236, 238, 242, 244, 245, 249, 253, 254, 255, 257, 258, 259, 261, 263, 264, 265, 266, 267, 270, 271, 272, 278, 281, 282, 283, 285, 289, 291, 294, 302, 311, 314, 315, 320, 328, 329, 330, 331, 334, 335, 336, 341, 346, 354, 357, 369, 370, 375, 376, 381, 383], "summary": {"covered_lines": 123, "num_statements": 147, "percent_covered": 79.27461139896373, "percent_covered_display": "79.27", "missing_lines": 24, "excluded_lines": 0, "num_branches": 46, "num_partial_branches": 6, "covered_branches": 30, "missing_branches": 16}, "missing_lines": [93, 95, 149, 150, 151, 152, 154, 155, 156, 158, 188, 189, 198, 199, 273, 274, 275, 276, 358, 359, 360, 363, 364, 367], "excluded_lines": [], "executed_branches": [[64, 65], [64, 67], [70, 71], [70, 74], [74, 78], [74, 110], [92, 94], [94, 97], [110, 114], [110, 119], [138, 139], [142, 143], [142, 170], [183, -180], [183, 184], [184, 185], [197, 202], [208, 209], [208, 214], [221, 222], [221, 224], [263, 264], [263, 357], [281, 282], [281, 334], [334, 335], [334, 354], [357, 369], [369, 370], [369, 375]], "missing_branches": [[92, 93], [94, 95], [138, 142], [149, 150], [149, 151], [151, 152], [151, 154], [154, 155], [154, 158], [184, 183], [197, 198], [357, 358], [359, 360], [359, 363], [363, 364], [363, 367]]}, "": {"executed_lines": [1, 3, 4, 5, 6, 7, 8, 10, 11, 13, 14, 15, 16, 20, 21, 22, 27, 30, 31, 33, 42, 60, 124, 180, 191, 251], "summary": {"covered_lines": 24, "num_statements": 24, "percent_covered": 100.0, "percent_covered_display": "100.00", "missing_lines": 0, "excluded_lines": 0, "num_branches": 0, "num_partial_branches": 0, "covered_branches": 0, "missing_branches": 0}, "missing_lines": [], "excluded_lines": [], "executed_branches": [], "missing_branches": []}}}, "src/antibody_training_esm/cli/testing/visualization.py": {"executed_lines": [1, 3, 4, 5, 6, 8, 9, 10, 11, 14, 15, 17, 20, 33, 35, 38, 39, 43, 44, 45, 54, 55, 56, 58, 61, 65, 66, 68, 71, 88, 90, 93, 94, 98, 99, 109, 112, 113, 114, 115, 119, 126, 127], "summary": {"covered_lines": 42, "num_statements": 44, "percent_covered": 91.07142857142857, "percent_covered_display": "91.07", "missing_lines": 2, "excluded_lines": 0, "num_branches": 12, "num_partial_branches": 3, "covered_branches": 9, "missing_branches": 3}, "missing_lines": [40, 41], "excluded_lines": [], "executed_branches": [[38, -20], [38, 39], [39, 43], [93, 94], [93, 112], [112, 113], [113, -71], [113, 114], [114, 115]], "missing_branches": [[39, 40], [112, -71], [114, 113]], "functions": {"plot_confusion_matrix": {"executed_lines": [33, 35, 38, 39, 43, 44, 45, 54, 55, 56, 58, 61, 65, 66, 68], "summary": {"covered_lines": 15, "num_statements": 17, "percent_covered": 85.71428571428571, "percent_covered_display": "85.71", "missing_lines": 2, "excluded_lines": 0, "num_branches": 4, "num_partial_branches": 1, "covered_branches": 3, "missing_branches": 1}, "missing_lines": [40, 41], "excluded_lines": [], "executed_branches": [[38, -20], [38, 39], [39, 43]], "missing_branches": [[39, 40]]}, "save_detailed_results": {"executed_lines": [88, 90, 93, 94, 98, 99, 109, 112, 113, 114, 115, 119, 126, 127], "summary": {"covered_lines": 14, "num_statements": 14, "percent_covered": 90.9090909090909, "percent_covered_display": "90.91", "missing_lines": 0, "excluded_lines": 0, "num_branches": 8, "num_partial_branches": 2, "covered_branches": 6, "missing_branches": 2}, "missing_lines": [], "excluded_lines": [], "executed_branches": [[93, 94], [93, 112], [112, 113], [113, -71], [113, 114], [114, 115]], "missing_branches": [[112, -71], [114, 113]]}, "": {"executed_lines": [1, 3, 4, 5, 6, 8, 9, 10, 11, 14, 15, 17, 20, 71], "summary": {"covered_lines": 13, "num_statements": 13, "percent_covered": 100.0, "percent_covered_display": "100.00", "missing_lines": 0, "excluded_lines": 0, "num_branches": 0, "num_partial_branches": 0, "covered_branches": 0, "missing_branches": 0}, "missing_lines": [], "excluded_lines": [], "executed_branches": [], "missing_branches": []}}, "classes": {"": {"executed_lines": [1, 3, 4, 5, 6, 8, 9, 10, 11, 14, 15, 17, 20, 33, 35, 38, 39, 43, 44, 45, 54, 55, 56, 58, 61, 65, 66, 68, 71, 88, 90, 93, 94, 98, 99, 109, 112, 113, 114, 115, 119, 126, 127], "summary": {"covered_lines": 42, "num_statements": 44, "percent_covered": 91.07142857142857, "percent_covered_display": "91.07", "missing_lines": 2, "excluded_lines": 0, "num_branches": 12, "num_partial_branches": 3, "covered_branches": 9, "missing_branches": 3}, "missing_lines": [40, 41], "excluded_lines": [], "executed_branches": [[38, -20], [38, 39], [39, 43], [93, 94], [93, 112], [112, 113], [113, -71], [113, 114], [114, 115]], "missing_branches": [[39, 40], [112, -71], [114, 113]]}}}, "src/antibody_training_esm/cli/train.py": {"executed_lines": [1, 21, 24, 38, 41], "summary": {"covered_lines": 3, "num_statements": 3, "percent_covered": 100.0, "percent_covered_display": "100.00", "missing_lines": 0, "excluded_lines": 2, "num_branches": 0, "num_partial_branches": 0, "covered_branches": 0, "missing_branches": 0}, "missing_lines": [], "excluded_lines": [41, 42], "executed_branches": [], "missing_branches": [], "functions": {"main": {"executed_lines": [38], "summary": {"covered_lines": 1, "num_statements": 1, "percent_covered": 100.0, "percent_covered_display": "100.00", "missing_lines": 0, "excluded_lines": 0, "num_branches": 0, "num_partial_branches": 0, "covered_branches": 0, "missing_branches": 0}, "missing_lines": [], "excluded_lines": [], "executed_branches": [], "missing_branches": []}, "": {"executed_lines": [1, 21, 24, 41], "summary": {"covered_lines": 2, "num_statements": 2, "percent_covered": 100.0, "percent_covered_display": "100.00", "missing_lines": 0, "excluded_lines": 2, "num_branches": 0, "num_partial_branches": 0, "covered_branches": 0, "missing_branches": 0}, "missing_lines": [], "excluded_lines": [41, 42], "executed_branches": [], "missing_branches": []}}, "classes": {"": {"executed_lines": [1, 21, 24, 38, 41], "summary": {"covered_lines": 3, "num_statements": 3, "percent_covered": 100.0, "percent_covered_display": "100.00", "missing_lines": 0, "excluded_lines": 2, "num_branches": 0, "num_partial_branches": 0, "covered_branches": 0, "missing_branches": 0}, "missing_lines": [], "excluded_lines": [41, 42], "executed_branches": [], "missing_branches": []}}}, "src/antibody_training_esm/conf/__init__.py": {"executed_lines": [1, 9], "summary": {"covered_lines": 1, "num_statements": 1, "percent_covered": 100.0, "percent_covered_display": "100.00", "missing_lines": 0, "excluded_lines": 0, "num_branches": 0, "num_partial_branches": 0, "covered_branches": 0, "missing_branches": 0}, "missing_lines": [], "excluded_lines": [], "executed_branches": [], "missing_branches": [], "functions": {"": {"executed_lines": [1, 9], "summary": {"covered_lines": 1, "num_statements": 1, "percent_covered": 100.0, "percent_covered_display": "100.00", "missing_lines": 0, "excluded_lines": 0, "num_branches": 0, "num_partial_branches": 0, "covered_branches": 0, "missing_branches": 0}, "missing_lines": [], "excluded_lines": [], "executed_branches": [], "missing_branches": []}}, "classes": {"": {"executed_lines": [1, 9], "summary": {"covered_lines": 1, "num_statements": 1, "percent_covered": 100.0, "percent_covered_display": "100.00", "missing_lines": 0, "excluded_lines": 0, "num_branches": 0, "num_partial_branches": 0, "covered_branches": 0, "missing_branches": 0}, "missing_lines": [], "excluded_lines": [], "executed_branches": [], "missing_branches": []}}}, "src/antibody_training_esm/conf/config_schema.py": {"executed_lines": [1, 8, 12, 15, 16, 17, 19, 20, 21, 24, 25, 26, 28, 29, 30, 31, 32, 33, 36, 37, 38, 41, 42, 43, 46, 47, 48, 49, 50, 53, 56, 57, 58, 61, 62, 63, 64, 67, 68, 69, 72, 73, 74, 77, 82, 83, 84, 87, 88, 91, 92, 95, 96, 97, 99, 100, 101, 104, 105, 106, 108, 109, 110, 113, 114, 115, 117, 118, 119, 120, 121, 122], "summary": {"covered_lines": 64, "num_statements": 64, "percent_covered": 100.0, "percent_covered_display": "100.00", "missing_lines": 0, "excluded_lines": 0, "num_branches": 0, "num_partial_branches": 0, "covered_branches": 0, "missing_branches": 0}, "missing_lines": [], "excluded_lines": [], "executed_branches": [], "missing_branches": [], "functions": {"": {"executed_lines": [1, 8, 12, 15, 16, 17, 19, 20, 21, 24, 25, 26, 28, 29, 30, 31, 32, 33, 36, 37, 38, 41, 42, 43, 46, 47, 48, 49, 50, 53, 56, 57, 58, 61, 62, 63, 64, 67, 68, 69, 72, 73, 74, 77, 82, 83, 84, 87, 88, 91, 92, 95, 96, 97, 99, 100, 101, 104, 105, 106, 108, 109, 110, 113, 114, 115, 117, 118, 119, 120, 121, 122], "summary": {"covered_lines": 64, "num_statements": 64, "percent_covered": 100.0, "percent_covered_display": "100.00", "missing_lines": 0, "excluded_lines": 0, "num_branches": 0, "num_partial_branches": 0, "covered_branches": 0, "missing_branches": 0}, "missing_lines": [], "excluded_lines": [], "executed_branches": [], "missing_branches": []}}, "classes": {"ModelConfig": {"executed_lines": [], "summary": {"covered_lines": 0, "num_statements": 0, "percent_covered": 100.0, "percent_covered_display": "100.00", "missing_lines": 0, "excluded_lines": 0, "num_branches": 0, "num_partial_branches": 0, "covered_branches": 0, "missing_branches": 0}, "missing_lines": [], "excluded_lines": [], "executed_branches": [], "missing_branches": []}, "ClassifierConfig": {"executed_lines": [], "summary": {"covered_lines": 0, "num_statements": 0, "percent_covered": 100.0, "percent_covered_display": "100.00", "missing_lines": 0, "excluded_lines": 0, "num_branches": 0, "num_partial_branches": 0, "covered_branches": 0, "missing_branches": 0}, "missing_lines": [], "excluded_lines": [], "executed_branches": [], "missing_branches": []}, "DataConfig": {"executed_lines": [], "summary": {"covered_lines": 0, "num_statements": 0, "percent_covered": 100.0, "percent_covered_display": "100.00", "missing_lines": 0, "excluded_lines": 0, "num_branches": 0, "num_partial_branches": 0, "covered_branches": 0, "missing_branches": 0}, "missing_lines": [], "excluded_lines": [], "executed_branches": [], "missing_branches": []}, "TrainingConfig": {"executed_lines": [], "summary": {"covered_lines": 0, "num_statements": 0, "percent_covered": 100.0, "percent_covered_display": "100.00", "missing_lines": 0, "excluded_lines": 0, "num_branches": 0, "num_partial_branches": 0, "covered_branches": 0, "missing_branches": 0}, "missing_lines": [], "excluded_lines": [], "executed_branches": [], "missing_branches": []}, "HardwareConfig": {"executed_lines": [], "summary": {"covered_lines": 0, "num_statements": 0, "percent_covered": 100.0, "percent_covered_display": "100.00", "missing_lines": 0, "excluded_lines": 0, "num_branches": 0, "num_partial_branches": 0, "covered_branches": 0, "missing_branches": 0}, "missing_lines": [], "excluded_lines": [], "executed_branches": [], "missing_branches": []}, "ExperimentConfig": {"executed_lines": [], "summary": {"covered_lines": 0, "num_statements": 0, "percent_covered": 100.0, "percent_covered_display": "100.00", "missing_lines": 0, "excluded_lines": 0, "num_branches": 0, "num_partial_branches": 0, "covered_branches": 0, "missing_branches": 0}, "missing_lines": [], "excluded_lines": [], "executed_branches": [], "missing_branches": []}, "Config": {"executed_lines": [], "summary": {"covered_lines": 0, "num_statements": 0, "percent_covered": 100.0, "percent_covered_display": "100.00", "missing_lines": 0, "excluded_lines": 0, "num_branches": 0, "num_partial_branches": 0, "covered_branches": 0, "missing_branches": 0}, "missing_lines": [], "excluded_lines": [], "executed_branches": [], "missing_branches": []}, "": {"executed_lines": [1, 8, 12, 15, 16, 17, 19, 20, 21, 24, 25, 26, 28, 29, 30, 31, 32, 33, 36, 37, 38, 41, 42, 43, 46, 47, 48, 49, 50, 53, 56, 57, 58, 61, 62, 63, 64, 67, 68, 69, 72, 73, 74, 77, 82, 83, 84, 87, 88, 91, 92, 95, 96, 97, 99, 100, 101, 104, 105, 106, 108, 109, 110, 113, 114, 115, 117, 118, 119, 120, 121, 122], "summary": {"covered_lines": 64, "num_statements": 64, "percent_covered": 100.0, "percent_covered_display": "100.00", "missing_lines": 0, "excluded_lines": 0, "num_branches": 0, "num_partial_branches": 0, "covered_branches": 0, "missing_branches": 0}, "missing_lines": [], "excluded_lines": [], "executed_branches": [], "missing_branches": []}}}, "src/antibody_training_esm/core/__init__.py": {"executed_lines": [1, 11, 12, 13, 15], "summary": {"covered_lines": 4, "num_statements": 4, "percent_covered": 100.0, "percent_covered_display": "100.00", "missing_lines": 0, "excluded_lines": 0, "num_branches": 0, "num_partial_branches": 0, "covered_branches": 0, "missing_branches": 0}, "missing_lines": [], "excluded_lines": [], "executed_branches": [], "missing_branches": [], "functions": {"": {"executed_lines": [1, 11, 12, 13, 15], "summary": {"covered_lines": 4, "num_statements": 4, "percent_covered": 100.0, "percent_covered_display": "100.00", "missing_lines": 0, "excluded_lines": 0, "num_branches": 0, "num_partial_branches": 0, "covered_branches": 0, "missing_branches": 0}, "missing_lines": [], "excluded_lines": [], "executed_branches": [], "missing_branches": []}}, "classes": {"": {"executed_lines": [1, 11, 12, 13, 15], "summary": {"covered_lines": 4, "num_statements": 4, "percent_covered": 100.0, "percent_covered_display": "100.00", "missing_lines": 0, "excluded_lines": 0, "num_branches": 0, "num_partial_branches": 0, "covered_branches": 0, "missing_branches": 0}, "missing_lines": [], "excluded_lines": [], "executed_branches": [], "missing_branches": []}}}, "src/antibody_training_esm/core/classifier.py": {"executed_lines": [1, 8, 9, 11, 12, 14, 15, 17, 20, 21, 25, 28, 33, 45, 46, 49, 50, 51, 57, 58, 61, 63, 68, 69, 70, 71, 73, 82, 90, 99, 100, 101, 102, 103, 104, 105, 106, 107, 108, 109, 112, 114, 125, 136, 138, 154, 156, 157, 160, 163, 164, 165, 166, 167, 168, 169, 170, 171, 172, 173, 174, 175, 176, 177, 178, 179, 180, 181, 182, 183, 184, 185, 186, 187, 188, 189, 192, 193, 197, 201, 203, 212, 213, 216, 218, 220, 246, 247, 250, 251, 252, 255, 258, 259, 261, 263, 276, 277, 279, 280, 282, 296, 297, 299, 300, 302, 304, 306, 307, 309, 311, 314, 315, 316, 317, 320, 321, 323, 331, 334, 337], "summary": {"covered_lines": 119, "num_statements": 123, "percent_covered": 95.20958083832335, "percent_covered_display": "95.21", "missing_lines": 4, "excluded_lines": 0, "num_branches": 44, "num_partial_branches": 4, "covered_branches": 40, "missing_branches": 4}, "missing_lines": [52, 161, 162, 318], "excluded_lines": [], "executed_branches": [[45, 46], [45, 49], [51, 57], [156, 157], [156, 192], [160, 163], [163, 164], [163, 166], [166, 167], [166, 169], [169, 170], [169, 172], [172, 173], [172, 175], [175, 176], [175, 178], [178, 179], [178, 181], [181, 182], [181, 184], [184, 185], [184, 187], [187, 188], [192, 193], [192, 201], [246, 247], [246, 250], [250, 251], [250, 258], [251, 252], [251, 255], [276, 277], [276, 279], [296, 297], [296, 299], [315, 316], [315, 317], [317, 320], [320, 321], [320, 331]], "missing_branches": [[51, 52], [160, 161], [187, 156], [317, 318]], "functions": {"BinaryClassifier.__init__": {"executed_lines": [45, 46, 49, 50, 51, 57, 58, 61, 63, 68, 69, 70, 71, 73, 82, 90, 99, 100, 101, 102, 103, 104, 105, 106, 107, 108, 109, 112], "summary": {"covered_lines": 28, "num_statements": 29, "percent_covered": 93.93939393939394, "percent_covered_display": "93.94", "missing_lines": 1, "excluded_lines": 0, "num_branches": 4, "num_partial_branches": 1, "covered_branches": 3, "missing_branches": 1}, "missing_lines": [52], "excluded_lines": [], "executed_branches": [[45, 46], [45, 49], [51, 57]], "missing_branches": [[51, 52]]}, "BinaryClassifier.get_params": {"executed_lines": [125, 136], "summary": {"covered_lines": 2, "num_statements": 2, "percent_covered": 100.0, "percent_covered_display": "100.00", "missing_lines": 0, "excluded_lines": 0, "num_branches": 0, "num_partial_branches": 0, "covered_branches": 0, "missing_branches": 0}, "missing_lines": [], "excluded_lines": [], "executed_branches": [], "missing_branches": []}, "BinaryClassifier.set_params": {"executed_lines": [154, 156, 157, 160, 163, 164, 165, 166, 167, 168, 169, 170, 171, 172, 173, 174, 175, 176, 177, 178, 179, 180, 181, 182, 183, 184, 185, 186, 187, 188, 189, 192, 193, 197, 201], "summary": {"covered_lines": 35, "num_statements": 37, "percent_covered": 93.44262295081967, "percent_covered_display": "93.44", "missing_lines": 2, "excluded_lines": 0, "num_branches": 24, "num_partial_branches": 2, "covered_branches": 22, "missing_branches": 2}, "missing_lines": [161, 162], "excluded_lines": [], "executed_branches": [[156, 157], [156, 192], [160, 163], [163, 164], [163, 166], [166, 167], [166, 169], [169, 170], [169, 172], [172, 173], [172, 175], [175, 176], [175, 178], [178, 179], [178, 181], [181, 182], [181, 184], [184, 185], [184, 187], [187, 188], [192, 193], [192, 201]], "missing_branches": [[160, 161], [187, 156]]}, "BinaryClassifier.fit": {"executed_lines": [212, 213, 216, 218], "summary": {"covered_lines": 4, "num_statements": 4, "percent_covered": 100.0, "percent_covered_display": "100.00", "missing_lines": 0, "excluded_lines": 0, "num_branches": 0, "num_partial_branches": 0, "covered_branches": 0, "missing_branches": 0}, "missing_lines": [], "excluded_lines": [], "executed_branches": [], "missing_branches": []}, "BinaryClassifier.predict": {"executed_lines": [246, 247, 250, 251, 252, 255, 258, 259, 261], "summary": {"covered_lines": 9, "num_statements": 9, "percent_covered": 100.0, "percent_covered_display": "100.00", "missing_lines": 0, "excluded_lines": 0, "num_branches": 6, "num_partial_branches": 0, "covered_branches": 6, "missing_branches": 0}, "missing_lines": [], "excluded_lines": [], "executed_branches": [[246, 247], [246, 250], [250, 251], [250, 258], [251, 252], [251, 255]], "missing_branches": []}, "BinaryClassifier.predict_proba": {"executed_lines": [276, 277, 279, 280], "summary": {"covered_lines": 4, "num_statements": 4, "percent_covered": 100.0, "percent_covered_display": "100.00", "missing_lines": 0, "excluded_lines": 0, "num_branches": 2, "num_partial_branches": 0, "covered_branches": 2, "missing_branches": 0}, "missing_lines": [], "excluded_lines": [], "executed_branches": [[276, 277], [276, 279]], "missing_branches": []}, "BinaryClassifier.score": {"executed_lines": [296, 297, 299, 300], "summary": {"covered_lines": 4, "num_statements": 4, "percent_covered": 100.0, "percent_covered_display": "100.00", "missing_lines": 0, "excluded_lines": 0, "num_branches": 2, "num_partial_branches": 0, "covered_branches": 2, "missing_branches": 0}, "missing_lines": [], "excluded_lines": [], "executed_branches": [[296, 297], [296, 299]], "missing_branches": []}, "BinaryClassifier.__getstate__": {"executed_lines": [304, 306, 307], "summary": {"covered_lines": 3, "num_statements": 3, "percent_covered": 100.0, "percent_covered_display": "100.00", "missing_lines": 0, "excluded_lines": 0, "num_branches": 0, "num_partial_branches": 0, "covered_branches": 0, "missing_branches": 0}, "missing_lines": [], "excluded_lines": [], "executed_branches": [], "missing_branches": []}, "BinaryClassifier.__setstate__": {"executed_lines": [311, 314, 315, 316, 317, 320, 321, 323, 331, 334, 337], "summary": {"covered_lines": 11, "num_statements": 12, "percent_covered": 88.88888888888889, "percent_covered_display": "88.89", "missing_lines": 1, "excluded_lines": 0, "num_branches": 6, "num_partial_branches": 1, "covered_branches": 5, "missing_branches": 1}, "missing_lines": [318], "excluded_lines": [], "executed_branches": [[315, 316], [315, 317], [317, 320], [320, 321], [320, 331]], "missing_branches": [[317, 318]]}, "": {"executed_lines": [1, 8, 9, 11, 12, 14, 15, 17, 20, 21, 25, 28, 33, 114, 138, 203, 220, 263, 282, 302, 309], "summary": {"covered_lines": 19, "num_statements": 19, "percent_covered": 100.0, "percent_covered_display": "100.00", "missing_lines": 0, "excluded_lines": 0, "num_branches": 0, "num_partial_branches": 0, "covered_branches": 0, "missing_branches": 0}, "missing_lines": [], "excluded_lines": [], "executed_branches": [], "missing_branches": []}}, "classes": {"BinaryClassifier": {"executed_lines": [45, 46, 49, 50, 51, 57, 58, 61, 63, 68, 69, 70, 71, 73, 82, 90, 99, 100, 101, 102, 103, 104, 105, 106, 107, 108, 109, 112, 125, 136, 154, 156, 157, 160, 163, 164, 165, 166, 167, 168, 169, 170, 171, 172, 173, 174, 175, 176, 177, 178, 179, 180, 181, 182, 183, 184, 185, 186, 187, 188, 189, 192, 193, 197, 201, 212, 213, 216, 218, 246, 247, 250, 251, 252, 255, 258, 259, 261, 276, 277, 279, 280, 296, 297, 299, 300, 304, 306, 307, 311, 314, 315, 316, 317, 320, 321, 323, 331, 334, 337], "summary": {"covered_lines": 100, "num_statements": 104, "percent_covered": 94.5945945945946, "percent_covered_display": "94.59", "missing_lines": 4, "excluded_lines": 0, "num_branches": 44, "num_partial_branches": 4, "covered_branches": 40, "missing_branches": 4}, "missing_lines": [52, 161, 162, 318], "excluded_lines": [], "executed_branches": [[45, 46], [45, 49], [51, 57], [156, 157], [156, 192], [160, 163], [163, 164], [163, 166], [166, 167], [166, 169], [169, 170], [169, 172], [172, 173], [172, 175], [175, 176], [175, 178], [178, 179], [178, 181], [181, 182], [181, 184], [184, 185], [184, 187], [187, 188], [192, 193], [192, 201], [246, 247], [246, 250], [250, 251], [250, 258], [251, 252], [251, 255], [276, 277], [276, 279], [296, 297], [296, 299], [315, 316], [315, 317], [317, 320], [320, 321], [320, 331]], "missing_branches": [[51, 52], [160, 161], [187, 156], [317, 318]]}, "": {"executed_lines": [1, 8, 9, 11, 12, 14, 15, 17, 20, 21, 25, 28, 33, 114, 138, 203, 220, 263, 282, 302, 309], "summary": {"covered_lines": 19, "num_statements": 19, "percent_covered": 100.0, "percent_covered_display": "100.00", "missing_lines": 0, "excluded_lines": 0, "num_branches": 0, "num_partial_branches": 0, "covered_branches": 0, "missing_branches": 0}, "missing_lines": [], "excluded_lines": [], "executed_branches": [], "missing_branches": []}}}, "src/antibody_training_esm/core/config.py": {"executed_lines": [1, 8, 9, 10, 11], "summary": {"covered_lines": 4, "num_statements": 4, "percent_covered": 100.0, "percent_covered_display": "100.00", "missing_lines": 0, "excluded_lines": 0, "num_branches": 0, "num_partial_branches": 0, "covered_branches": 0, "missing_branches": 0}, "missing_lines": [], "excluded_lines": [], "executed_branches": [], "missing_branches": [], "functions": {"": {"executed_lines": [1, 8, 9, 10, 11], "summary": {"covered_lines": 4, "num_statements": 4, "percent_covered": 100.0, "percent_covered_display": "100.00", "missing_lines": 0, "excluded_lines": 0, "num_branches": 0, "num_partial_branches": 0, "covered_branches": 0, "missing_branches": 0}, "missing_lines": [], "excluded_lines": [], "executed_branches": [], "missing_branches": []}}, "classes": {"": {"executed_lines": [1, 8, 9, 10, 11], "summary": {"covered_lines": 4, "num_statements": 4, "percent_covered": 100.0, "percent_covered_display": "100.00", "missing_lines": 0, "excluded_lines": 0, "num_branches": 0, "num_partial_branches": 0, "covered_branches": 0, "missing_branches": 0}, "missing_lines": [], "excluded_lines": [], "executed_branches": [], "missing_branches": []}}}, "src/antibody_training_esm/core/directory_utils.py": {"executed_lines": [1, 9, 10, 11, 14, 30, 31, 32, 34, 35, 36, 37, 39, 40, 41, 42, 43, 44, 47, 50, 65, 68, 76, 79, 105, 106, 108, 111, 140, 141, 143], "summary": {"covered_lines": 30, "num_statements": 31, "percent_covered": 95.34883720930233, "percent_covered_display": "95.35", "missing_lines": 1, "excluded_lines": 0, "num_branches": 12, "num_partial_branches": 1, "covered_branches": 11, "missing_branches": 1}, "missing_lines": [38], "excluded_lines": [], "executed_branches": [[30, 31], [30, 32], [32, 34], [32, 39], [35, 36], [39, 40], [39, 41], [41, 42], [41, 43], [43, 44], [43, 47]], "missing_branches": [[35, 38]], "functions": {"extract_model_shortname": {"executed_lines": [30, 31, 32, 34, 35, 36, 37, 39, 40, 41, 42, 43, 44, 47], "summary": {"covered_lines": 14, "num_statements": 15, "percent_covered": 92.5925925925926, "percent_covered_display": "92.59", "missing_lines": 1, "excluded_lines": 0, "num_branches": 12, "num_partial_branches": 1, "covered_branches": 11, "missing_branches": 1}, "missing_lines": [38], "excluded_lines": [], "executed_branches": [[30, 31], [30, 32], [32, 34], [32, 39], [35, 36], [39, 40], [39, 41], [41, 42], [41, 43], [43, 44], [43, 47]], "missing_branches": [[35, 38]]}, "extract_classifier_shortname": {"executed_lines": [65, 68, 76], "summary": {"covered_lines": 3, "num_statements": 3, "percent_covered": 100.0, "percent_covered_display": "100.00", "missing_lines": 0, "excluded_lines": 0, "num_branches": 0, "num_partial_branches": 0, "covered_branches": 0, "missing_branches": 0}, "missing_lines": [], "excluded_lines": [], "executed_branches": [], "missing_branches": []}, "get_hierarchical_model_dir": {"executed_lines": [105, 106, 108], "summary": {"covered_lines": 3, "num_statements": 3, "percent_covered": 100.0, "percent_covered_display": "100.00", "missing_lines": 0, "excluded_lines": 0, "num_branches": 0, "num_partial_branches": 0, "covered_branches": 0, "missing_branches": 0}, "missing_lines": [], "excluded_lines": [], "executed_branches": [], "missing_branches": []}, "get_hierarchical_test_results_dir": {"executed_lines": [140, 141, 143], "summary": {"covered_lines": 3, "num_statements": 3, "percent_covered": 100.0, "percent_covered_display": "100.00", "missing_lines": 0, "excluded_lines": 0, "num_branches": 0, "num_partial_branches": 0, "covered_branches": 0, "missing_branches": 0}, "missing_lines": [], "excluded_lines": [], "executed_branches": [], "missing_branches": []}, "": {"executed_lines": [1, 9, 10, 11, 14, 50, 79, 111], "summary": {"covered_lines": 7, "num_statements": 7, "percent_covered": 100.0, "percent_covered_display": "100.00", "missing_lines": 0, "excluded_lines": 0, "num_branches": 0, "num_partial_branches": 0, "covered_branches": 0, "missing_branches": 0}, "missing_lines": [], "excluded_lines": [], "executed_branches": [], "missing_branches": []}}, "classes": {"": {"executed_lines": [1, 9, 10, 11, 14, 30, 31, 32, 34, 35, 36, 37, 39, 40, 41, 42, 43, 44, 47, 50, 65, 68, 76, 79, 105, 106, 108, 111, 140, 141, 143], "summary": {"covered_lines": 30, "num_statements": 31, "percent_covered": 95.34883720930233, "percent_covered_display": "95.35", "missing_lines": 1, "excluded_lines": 0, "num_branches": 12, "num_partial_branches": 1, "covered_branches": 11, "missing_branches": 1}, "missing_lines": [38], "excluded_lines": [], "executed_branches": [[30, 31], [30, 32], [32, 34], [32, 39], [35, 36], [39, 40], [39, 41], [41, 42], [41, 43], [43, 44], [43, 47]], "missing_branches": [[35, 38]]}}}, "src/antibody_training_esm/core/embeddings.py": {"executed_lines": [1, 8, 10, 11, 12, 13, 15, 22, 25, 26, 28, 46, 47, 48, 49, 50, 53, 58, 59, 60, 64, 69, 82, 85, 86, 88, 89, 91, 92, 95, 101, 104, 105, 106, 109, 114, 115, 118, 119, 120, 123, 130, 132, 133, 135, 137, 138, 141, 145, 155, 157, 162, 164, 165, 166, 167, 169, 171, 172, 173, 177, 178, 179, 182, 189, 190, 191, 192, 193, 195, 198, 199, 203, 204, 214, 221, 224, 225, 226, 231, 236, 237, 240, 241, 242, 246, 247, 250, 253, 264, 265, 266, 269, 270, 272, 273, 276, 279, 285, 286, 288, 290, 291, 292, 293], "summary": {"covered_lines": 103, "num_statements": 108, "percent_covered": 94.02985074626865, "percent_covered_display": "94.03", "missing_lines": 5, "excluded_lines": 0, "num_branches": 26, "num_partial_branches": 3, "covered_branches": 23, "missing_branches": 3}, "missing_lines": [124, 183, 186, 254, 258], "excluded_lines": [], "executed_branches": [[88, 89], [88, 91], [91, 92], [91, 95], [123, 130], [164, 165], [164, 285], [177, 178], [177, 198], [182, 189], [190, 191], [190, 195], [198, 199], [198, 214], [253, 264], [265, 266], [265, 269], [269, 164], [269, 270], [290, 291], [290, 292], [292, -288], [292, 293]], "missing_branches": [[123, 124], [182, 183], [253, 254]], "functions": {"ESMEmbeddingExtractor.__init__": {"executed_lines": [46, 47, 48, 49, 50, 53, 58, 59, 60, 64], "summary": {"covered_lines": 10, "num_statements": 10, "percent_covered": 100.0, "percent_covered_display": "100.00", "missing_lines": 0, "excluded_lines": 0, "num_branches": 0, "num_partial_branches": 0, "covered_branches": 0, "missing_branches": 0}, "missing_lines": [], "excluded_lines": [], "executed_branches": [], "missing_branches": []}, "ESMEmbeddingExtractor.embed_sequence": {"executed_lines": [82, 85, 86, 88, 89, 91, 92, 95, 101, 104, 105, 106, 109, 114, 115, 118, 119, 120, 123, 130, 132, 133, 135, 137, 138, 141], "summary": {"covered_lines": 26, "num_statements": 27, "percent_covered": 93.93939393939394, "percent_covered_display": "93.94", "missing_lines": 1, "excluded_lines": 0, "num_branches": 6, "num_partial_branches": 1, "covered_branches": 5, "missing_branches": 1}, "missing_lines": [124], "excluded_lines": [], "executed_branches": [[88, 89], [88, 91], [91, 92], [91, 95], [123, 130]], "missing_branches": [[123, 124]]}, "ESMEmbeddingExtractor.extract_batch_embeddings": {"executed_lines": [155, 157, 162, 164, 165, 166, 167, 169, 171, 172, 173, 177, 178, 179, 182, 189, 190, 191, 192, 193, 195, 198, 199, 203, 204, 214, 221, 224, 225, 226, 231, 236, 237, 240, 241, 242, 246, 247, 250, 253, 264, 265, 266, 269, 270, 272, 273, 276, 279, 285, 286], "summary": {"covered_lines": 51, "num_statements": 55, "percent_covered": 91.54929577464789, "percent_covered_display": "91.55", "missing_lines": 4, "excluded_lines": 0, "num_branches": 16, "num_partial_branches": 2, "covered_branches": 14, "missing_branches": 2}, "missing_lines": [183, 186, 254, 258], "excluded_lines": [], "executed_branches": [[164, 165], [164, 285], [177, 178], [177, 198], [182, 189], [190, 191], [190, 195], [198, 199], [198, 214], [253, 264], [265, 266], [265, 269], [269, 164], [269, 270]], "missing_branches": [[182, 183], [253, 254]]}, "ESMEmbeddingExtractor._clear_gpu_cache": {"executed_lines": [290, 291, 292, 293], "summary": {"covered_lines": 4, "num_statements": 4, "percent_covered": 100.0, "percent_covered_display": "100.00", "missing_lines": 0, "excluded_lines": 0, "num_branches": 4, "num_partial_branches": 0, "covered_branches": 4, "missing_branches": 0}, "missing_lines": [], "excluded_lines": [], "executed_branches": [[290, 291], [290, 292], [292, -288], [292, 293]], "missing_branches": []}, "": {"executed_lines": [1, 8, 10, 11, 12, 13, 15, 22, 25, 26, 28, 69, 145, 288], "summary": {"covered_lines": 12, "num_statements": 12, "percent_covered": 100.0, "percent_covered_display": "100.00", "missing_lines": 0, "excluded_lines": 0, "num_branches": 0, "num_partial_branches": 0, "covered_branches": 0, "missing_branches": 0}, "missing_lines": [], "excluded_lines": [], "executed_branches": [], "missing_branches": []}}, "classes": {"ESMEmbeddingExtractor": {"executed_lines": [46, 47, 48, 49, 50, 53, 58, 59, 60, 64, 82, 85, 86, 88, 89, 91, 92, 95, 101, 104, 105, 106, 109, 114, 115, 118, 119, 120, 123, 130, 132, 133, 135, 137, 138, 141, 155, 157, 162, 164, 165, 166, 167, 169, 171, 172, 173, 177, 178, 179, 182, 189, 190, 191, 192, 193, 195, 198, 199, 203, 204, 214, 221, 224, 225, 226, 231, 236, 237, 240, 241, 242, 246, 247, 250, 253, 264, 265, 266, 269, 270, 272, 273, 276, 279, 285, 286, 290, 291, 292, 293], "summary": {"covered_lines": 91, "num_statements": 96, "percent_covered": 93.44262295081967, "percent_covered_display": "93.44", "missing_lines": 5, "excluded_lines": 0, "num_branches": 26, "num_partial_branches": 3, "covered_branches": 23, "missing_branches": 3}, "missing_lines": [124, 183, 186, 254, 258], "excluded_lines": [], "executed_branches": [[88, 89], [88, 91], [91, 92], [91, 95], [123, 130], [164, 165], [164, 285], [177, 178], [177, 198], [182, 189], [190, 191], [190, 195], [198, 199], [198, 214], [253, 264], [265, 266], [265, 269], [269, 164], [269, 270], [290, 291], [290, 292], [292, -288], [292, 293]], "missing_branches": [[123, 124], [182, 183], [253, 254]]}, "": {"executed_lines": [1, 8, 10, 11, 12, 13, 15, 22, 25, 26, 28, 69, 145, 288], "summary": {"covered_lines": 12, "num_statements": 12, "percent_covered": 100.0, "percent_covered_display": "100.00", "missing_lines": 0, "excluded_lines": 0, "num_branches": 0, "num_partial_branches": 0, "covered_branches": 0, "missing_branches": 0}, "missing_lines": [], "excluded_lines": [], "executed_branches": [], "missing_branches": []}}}, "src/antibody_training_esm/core/prediction.py": {"executed_lines": [1, 3, 4, 5, 6, 7, 9, 12, 13, 20, 31, 32, 33, 35, 36, 38, 39, 41, 42, 43, 45, 46, 55, 57, 60, 64, 67, 71, 73, 90, 94, 99, 108, 109, 112, 115, 119, 130, 132, 151, 152, 154, 155, 157, 158, 159, 161, 163, 180, 191, 197, 198, 199, 201], "summary": {"covered_lines": 53, "num_statements": 58, "percent_covered": 87.5, "percent_covered_display": "87.50", "missing_lines": 5, "excluded_lines": 0, "num_branches": 14, "num_partial_branches": 4, "covered_branches": 10, "missing_branches": 4}, "missing_lines": [91, 103, 116, 173, 174], "excluded_lines": [], "executed_branches": [[41, 42], [41, 43], [55, 57], [60, 64], [60, 67], [90, 94], [99, 108], [115, 119], [151, 152], [151, 154]], "missing_branches": [[55, 71], [90, 91], [99, 103], [115, 116]], "functions": {"Predictor.__init__": {"executed_lines": [31, 32, 33, 35, 36], "summary": {"covered_lines": 5, "num_statements": 5, "percent_covered": 100.0, "percent_covered_display": "100.00", "missing_lines": 0, "excluded_lines": 0, "num_branches": 0, "num_partial_branches": 0, "covered_branches": 0, "missing_branches": 0}, "missing_lines": [], "excluded_lines": [], "executed_branches": [], "missing_branches": []}, "Predictor.classifier": {"executed_lines": [41, 42, 43], "summary": {"covered_lines": 3, "num_statements": 3, "percent_covered": 100.0, "percent_covered_display": "100.00", "missing_lines": 0, "excluded_lines": 0, "num_branches": 2, "num_partial_branches": 0, "covered_branches": 2, "missing_branches": 0}, "missing_lines": [], "excluded_lines": [], "executed_branches": [[41, 42], [41, 43]], "missing_branches": []}, "Predictor.embedder": {"executed_lines": [55, 57, 60, 64, 67, 71], "summary": {"covered_lines": 6, "num_statements": 6, "percent_covered": 90.0, "percent_covered_display": "90.00", "missing_lines": 0, "excluded_lines": 0, "num_branches": 4, "num_partial_branches": 1, "covered_branches": 3, "missing_branches": 1}, "missing_lines": [], "excluded_lines": [], "executed_branches": [[55, 57], [60, 64], [60, 67]], "missing_branches": [[55, 71]]}, "Predictor.predict": {"executed_lines": [90, 94, 99, 108, 109, 112, 115, 119, 130], "summary": {"covered_lines": 9, "num_statements": 12, "percent_covered": 66.66666666666667, "percent_covered_display": "66.67", "missing_lines": 3, "excluded_lines": 0, "num_branches": 6, "num_partial_branches": 3, "covered_branches": 3, "missing_branches": 3}, "missing_lines": [91, 103, 116], "excluded_lines": [], "executed_branches": [[90, 94], [99, 108], [115, 119]], "missing_branches": [[90, 91], [99, 103], [115, 116]]}, "Predictor.predict_dataframe": {"executed_lines": [151, 152, 154, 155, 157, 158, 159, 161], "summary": {"covered_lines": 8, "num_statements": 8, "percent_covered": 100.0, "percent_covered_display": "100.00", "missing_lines": 0, "excluded_lines": 0, "num_branches": 2, "num_partial_branches": 0, "covered_branches": 2, "missing_branches": 0}, "missing_lines": [], "excluded_lines": [], "executed_branches": [[151, 152], [151, 154]], "missing_branches": []}, "Predictor.predict_single": {"executed_lines": [], "summary": {"covered_lines": 0, "num_statements": 2, "percent_covered": 0.0, "percent_covered_display": "0.00", "missing_lines": 2, "excluded_lines": 0, "num_branches": 0, "num_partial_branches": 0, "covered_branches": 0, "missing_branches": 0}, "missing_lines": [173, 174], "excluded_lines": [], "executed_branches": [], "missing_branches": []}, "run_prediction": {"executed_lines": [191, 197, 198, 199, 201], "summary": {"covered_lines": 5, "num_statements": 5, "percent_covered": 100.0, "percent_covered_display": "100.00", "missing_lines": 0, "excluded_lines": 0, "num_branches": 0, "num_partial_branches": 0, "covered_branches": 0, "missing_branches": 0}, "missing_lines": [], "excluded_lines": [], "executed_branches": [], "missing_branches": []}, "": {"executed_lines": [1, 3, 4, 5, 6, 7, 9, 12, 13, 20, 38, 39, 45, 46, 73, 132, 163, 180], "summary": {"covered_lines": 17, "num_statements": 17, "percent_covered": 100.0, "percent_covered_display": "100.00", "missing_lines": 0, "excluded_lines": 0, "num_branches": 0, "num_partial_branches": 0, "covered_branches": 0, "missing_branches": 0}, "missing_lines": [], "excluded_lines": [], "executed_branches": [], "missing_branches": []}}, "classes": {"Predictor": {"executed_lines": [31, 32, 33, 35, 36, 41, 42, 43, 55, 57, 60, 64, 67, 71, 90, 94, 99, 108, 109, 112, 115, 119, 130, 151, 152, 154, 155, 157, 158, 159, 161], "summary": {"covered_lines": 31, "num_statements": 36, "percent_covered": 82.0, "percent_covered_display": "82.00", "missing_lines": 5, "excluded_lines": 0, "num_branches": 14, "num_partial_branches": 4, "covered_branches": 10, "missing_branches": 4}, "missing_lines": [91, 103, 116, 173, 174], "excluded_lines": [], "executed_branches": [[41, 42], [41, 43], [55, 57], [60, 64], [60, 67], [90, 94], [99, 108], [115, 119], [151, 152], [151, 154]], "missing_branches": [[55, 71], [90, 91], [99, 103], [115, 116]]}, "": {"executed_lines": [1, 3, 4, 5, 6, 7, 9, 12, 13, 20, 38, 39, 45, 46, 73, 132, 163, 180, 191, 197, 198, 199, 201], "summary": {"covered_lines": 22, "num_statements": 22, "percent_covered": 100.0, "percent_covered_display": "100.00", "missing_lines": 0, "excluded_lines": 0, "num_branches": 0, "num_partial_branches": 0, "covered_branches": 0, "missing_branches": 0}, "missing_lines": [], "excluded_lines": [], "executed_branches": [], "missing_branches": []}}}, "src/antibody_training_esm/core/trainer.py": {"executed_lines": [1, 8, 9, 10, 11, 12, 13, 14, 16, 17, 18, 19, 20, 21, 29, 31, 32, 33, 34, 35, 38, 54, 55, 57, 60, 68, 69, 72, 73, 74, 75, 78, 84, 85, 89, 90, 91, 92, 95, 97, 100, 103, 104, 105, 107, 108, 112, 113, 114, 115, 116, 121, 122, 123, 127, 128, 133, 149, 152, 153, 155, 158, 159, 160, 165, 166, 169, 171, 176, 179, 180, 184, 188, 195, 198, 212, 213, 214, 215, 216, 217, 221, 222, 225, 244, 250, 256, 264, 265, 273, 278, 303, 304, 312, 313, 317, 318, 319, 320, 323, 324, 328, 332, 335, 340, 344, 350, 355, 359, 362, 366, 367, 368, 375, 377, 378, 381, 385, 386, 395, 396, 397, 402, 405, 427, 430, 431, 434, 436, 437, 439, 440, 442, 443, 445, 446, 448, 449, 452, 453, 454, 457, 458, 460, 463, 481, 482, 483, 484, 486, 489, 490, 492, 494, 497, 500, 501, 502, 503, 504, 509, 510, 513, 514, 517, 518, 521, 522, 523, 525, 528, 554, 557, 559, 562, 563, 564, 569, 570, 580, 583, 609, 610, 612, 613, 616, 621, 622, 624, 627, 628, 629, 630, 633, 634, 642, 645, 646, 675, 676, 677, 679, 680, 683, 699, 700, 701, 702, 703, 704, 707, 708, 711, 712, 714, 717, 733, 736, 737, 738, 739, 740, 741, 743, 746, 774, 777, 780, 784, 787, 788, 790, 792, 794, 797, 798, 799, 800, 801, 804, 807, 809, 814, 817, 818, 823, 825, 827, 831, 834, 837, 838, 839, 842, 845, 846, 847, 850, 851, 856, 859, 866, 869, 873, 875, 876, 877, 880, 881, 932], "summary": {"covered_lines": 268, "num_statements": 302, "percent_covered": 87.03703703703704, "percent_covered_display": "87.04", "missing_lines": 34, "excluded_lines": 2, "num_branches": 76, "num_partial_branches": 13, "covered_branches": 61, "missing_branches": 15}, "missing_lines": [79, 86, 96, 109, 124, 161, 172, 173, 175, 182, 245, 251, 257, 258, 266, 267, 828, 829, 830, 905, 906, 908, 910, 913, 914, 915, 916, 917, 922, 923, 925, 927, 928, 929], "excluded_lines": [932, 934], "executed_branches": [[54, 55], [54, 57], [72, 73], [72, 89], [73, 74], [73, 78], [78, 84], [84, 72], [84, 85], [85, 84], [89, 90], [89, 100], [91, 92], [95, 97], [104, 105], [104, 107], [108, 112], [115, 116], [115, 121], [123, 127], [127, -38], [127, 128], [152, 153], [152, 155], [160, 165], [180, 184], [244, 250], [250, 256], [256, 264], [265, 273], [317, 318], [317, 377], [323, 324], [323, 328], [328, 332], [328, 340], [350, 355], [350, 367], [367, 368], [367, 375], [436, 437], [439, 440], [439, 442], [442, 443], [442, 445], [445, 446], [445, 448], [448, 449], [448, 452], [453, 454], [453, 457], [489, 490], [489, 492], [522, 523], [522, 525], [563, 564], [563, 569], [609, 610], [609, 612], [712, 714], [712, 717]], "missing_branches": [[78, 79], [85, 86], [91, 95], [95, 96], [108, 109], [123, 124], [160, 161], [180, 182], [244, 245], [250, 251], [256, 257], [265, 266], [436, 439], [922, 923], [922, 925]], "functions": {"validate_config": {"executed_lines": [54, 55, 57, 60, 68, 69, 72, 73, 74, 75, 78, 84, 85, 89, 90, 91, 92, 95, 97, 100, 103, 104, 105, 107, 108, 112, 113, 114, 115, 116, 121, 122, 123, 127, 128], "summary": {"covered_lines": 35, "num_statements": 40, "percent_covered": 83.82352941176471, "percent_covered_display": "83.82", "missing_lines": 5, "excluded_lines": 0, "num_branches": 28, "num_partial_branches": 6, "covered_branches": 22, "missing_branches": 6}, "missing_lines": [79, 86, 96, 109, 124], "excluded_lines": [], "executed_branches": [[54, 55], [54, 57], [72, 73], [72, 89], [73, 74], [73, 78], [78, 84], [84, 72], [84, 85], [85, 84], [89, 90], [89, 100], [91, 92], [95, 97], [104, 105], [104, 107], [108, 112], [115, 116], [115, 121], [123, 127], [127, -38], [127, 128]], "missing_branches": [[78, 79], [85, 86], [91, 95], [95, 96], [108, 109], [123, 124]]}, "setup_logging": {"executed_lines": [149, 152, 153, 155, 158, 159, 160, 165, 166, 169, 171, 176, 179, 180, 184, 188, 195], "summary": {"covered_lines": 17, "num_statements": 22, "percent_covered": 75.0, "percent_covered_display": "75.00", "missing_lines": 5, "excluded_lines": 0, "num_branches": 6, "num_partial_branches": 2, "covered_branches": 4, "missing_branches": 2}, "missing_lines": [161, 172, 173, 175, 182], "excluded_lines": [], "executed_branches": [[152, 153], [152, 155], [160, 165], [180, 184]], "missing_branches": [[160, 161], [180, 182]]}, "load_config": {"executed_lines": [212, 213, 214, 215, 216, 217, 221, 222], "summary": {"covered_lines": 8, "num_statements": 8, "percent_covered": 100.0, "percent_covered_display": "100.00", "missing_lines": 0, "excluded_lines": 0, "num_branches": 0, "num_partial_branches": 0, "covered_branches": 0, "missing_branches": 0}, "missing_lines": [], "excluded_lines": [], "executed_branches": [], "missing_branches": []}, "validate_embeddings": {"executed_lines": [244, 250, 256, 264, 265, 273], "summary": {"covered_lines": 6, "num_statements": 12, "percent_covered": 50.0, "percent_covered_display": "50.00", "missing_lines": 6, "excluded_lines": 0, "num_branches": 8, "num_partial_branches": 4, "covered_branches": 4, "missing_branches": 4}, "missing_lines": [245, 251, 257, 258, 266, 267], "excluded_lines": [], "executed_branches": [[244, 250], [250, 256], [256, 264], [265, 273]], "missing_branches": [[244, 245], [250, 251], [256, 257], [265, 266]]}, "get_or_create_embeddings": {"executed_lines": [303, 304, 312, 313, 317, 318, 319, 320, 323, 324, 328, 332, 335, 340, 344, 350, 355, 359, 362, 366, 367, 368, 375, 377, 378, 381, 385, 386, 395, 396, 397, 402], "summary": {"covered_lines": 32, "num_statements": 32, "percent_covered": 100.0, "percent_covered_display": "100.00", "missing_lines": 0, "excluded_lines": 0, "num_branches": 10, "num_partial_branches": 0, "covered_branches": 10, "missing_branches": 0}, "missing_lines": [], "excluded_lines": [], "executed_branches": [[317, 318], [317, 377], [323, 324], [323, 328], [328, 332], [328, 340], [350, 355], [350, 367], [367, 368], [367, 375]], "missing_branches": []}, "evaluate_model": {"executed_lines": [427, 430, 431, 434, 436, 437, 439, 440, 442, 443, 445, 446, 448, 449, 452, 453, 454, 457, 458, 460], "summary": {"covered_lines": 20, "num_statements": 20, "percent_covered": 96.875, "percent_covered_display": "96.88", "missing_lines": 0, "excluded_lines": 0, "num_branches": 12, "num_partial_branches": 1, "covered_branches": 11, "missing_branches": 1}, "missing_lines": [], "excluded_lines": [], "executed_branches": [[436, 437], [439, 440], [439, 442], [442, 443], [442, 445], [445, 446], [445, 448], [448, 449], [448, 452], [453, 454], [453, 457]], "missing_branches": [[436, 439]]}, "perform_cross_validation": {"executed_lines": [481, 482, 483, 484, 486, 489, 490, 492, 494, 497, 500, 501, 502, 503, 504, 509, 510, 513, 514, 517, 518, 521, 522, 523, 525], "summary": {"covered_lines": 25, "num_statements": 25, "percent_covered": 100.0, "percent_covered_display": "100.00", "missing_lines": 0, "excluded_lines": 0, "num_branches": 4, "num_partial_branches": 0, "covered_branches": 4, "missing_branches": 0}, "missing_lines": [], "excluded_lines": [], "executed_branches": [[489, 490], [489, 492], [522, 523], [522, 525]], "missing_branches": []}, "save_cv_results": {"executed_lines": [554, 557, 559, 562, 563, 564, 569, 570, 580], "summary": {"covered_lines": 9, "num_statements": 9, "percent_covered": 100.0, "percent_covered_display": "100.00", "missing_lines": 0, "excluded_lines": 0, "num_branches": 2, "num_partial_branches": 0, "covered_branches": 2, "missing_branches": 0}, "missing_lines": [], "excluded_lines": [], "executed_branches": [[563, 564], [563, 569]], "missing_branches": []}, "save_model": {"executed_lines": [609, 610, 612, 613, 616, 621, 622, 624, 627, 628, 629, 630, 633, 634, 642, 645, 646, 675, 676, 677, 679, 680], "summary": {"covered_lines": 22, "num_statements": 22, "percent_covered": 100.0, "percent_covered_display": "100.00", "missing_lines": 0, "excluded_lines": 0, "num_branches": 2, "num_partial_branches": 0, "covered_branches": 2, "missing_branches": 0}, "missing_lines": [], "excluded_lines": [], "executed_branches": [[609, 610], [609, 612]], "missing_branches": []}, "load_model_from_npz": {"executed_lines": [699, 700, 701, 702, 703, 704, 707, 708, 711, 712, 714, 717, 733, 736, 737, 738, 739, 740, 741, 743], "summary": {"covered_lines": 20, "num_statements": 20, "percent_covered": 100.0, "percent_covered_display": "100.00", "missing_lines": 0, "excluded_lines": 0, "num_branches": 2, "num_partial_branches": 0, "covered_branches": 2, "missing_branches": 0}, "missing_lines": [], "excluded_lines": [], "executed_branches": [[712, 714], [712, 717]], "missing_branches": []}, "train_pipeline": {"executed_lines": [774, 777, 780, 784, 787, 788, 790, 792, 794, 797, 798, 799, 800, 801, 804, 807, 809, 814, 817, 818, 823, 825, 827, 831, 834, 837, 838, 839, 842, 845, 846, 847, 850, 851, 856, 859, 866, 869, 873, 875, 876, 877], "summary": {"covered_lines": 42, "num_statements": 45, "percent_covered": 93.33333333333333, "percent_covered_display": "93.33", "missing_lines": 3, "excluded_lines": 0, "num_branches": 0, "num_partial_branches": 0, "covered_branches": 0, "missing_branches": 0}, "missing_lines": [828, 829, 830], "excluded_lines": [], "executed_branches": [], "missing_branches": []}, "main": {"executed_lines": [], "summary": {"covered_lines": 0, "num_statements": 15, "percent_covered": 0.0, "percent_covered_display": "0.00", "missing_lines": 15, "excluded_lines": 0, "num_branches": 2, "num_partial_branches": 0, "covered_branches": 0, "missing_branches": 2}, "missing_lines": [905, 906, 908, 910, 913, 914, 915, 916, 917, 922, 923, 925, 927, 928, 929], "excluded_lines": [], "executed_branches": [], "missing_branches": [[922, 923], [922, 925]]}, "": {"executed_lines": [1, 8, 9, 10, 11, 12, 13, 14, 16, 17, 18, 19, 20, 21, 29, 31, 32, 33, 34, 35, 38, 133, 198, 225, 278, 405, 463, 528, 583, 683, 746, 880, 881, 932], "summary": {"covered_lines": 32, "num_statements": 32, "percent_covered": 100.0, "percent_covered_display": "100.00", "missing_lines": 0, "excluded_lines": 2, "num_branches": 0, "num_partial_branches": 0, "covered_branches": 0, "missing_branches": 0}, "missing_lines": [], "excluded_lines": [932, 934], "executed_branches": [], "missing_branches": []}}, "classes": {"": {"executed_lines": [1, 8, 9, 10, 11, 12, 13, 14, 16, 17, 18, 19, 20, 21, 29, 31, 32, 33, 34, 35, 38, 54, 55, 57, 60, 68, 69, 72, 73, 74, 75, 78, 84, 85, 89, 90, 91, 92, 95, 97, 100, 103, 104, 105, 107, 108, 112, 113, 114, 115, 116, 121, 122, 123, 127, 128, 133, 149, 152, 153, 155, 158, 159, 160, 165, 166, 169, 171, 176, 179, 180, 184, 188, 195, 198, 212, 213, 214, 215, 216, 217, 221, 222, 225, 244, 250, 256, 264, 265, 273, 278, 303, 304, 312, 313, 317, 318, 319, 320, 323, 324, 328, 332, 335, 340, 344, 350, 355, 359, 362, 366, 367, 368, 375, 377, 378, 381, 385, 386, 395, 396, 397, 402, 405, 427, 430, 431, 434, 436, 437, 439, 440, 442, 443, 445, 446, 448, 449, 452, 453, 454, 457, 458, 460, 463, 481, 482, 483, 484, 486, 489, 490, 492, 494, 497, 500, 501, 502, 503, 504, 509, 510, 513, 514, 517, 518, 521, 522, 523, 525, 528, 554, 557, 559, 562, 563, 564, 569, 570, 580, 583, 609, 610, 612, 613, 616, 621, 622, 624, 627, 628, 629, 630, 633, 634, 642, 645, 646, 675, 676, 677, 679, 680, 683, 699, 700, 701, 702, 703, 704, 707, 708, 711, 712, 714, 717, 733, 736, 737, 738, 739, 740, 741, 743, 746, 774, 777, 780, 784, 787, 788, 790, 792, 794, 797, 798, 799, 800, 801, 804, 807, 809, 814, 817, 818, 823, 825, 827, 831, 834, 837, 838, 839, 842, 845, 846, 847, 850, 851, 856, 859, 866, 869, 873, 875, 876, 877, 880, 881, 932], "summary": {"covered_lines": 268, "num_statements": 302, "percent_covered": 87.03703703703704, "percent_covered_display": "87.04", "missing_lines": 34, "excluded_lines": 2, "num_branches": 76, "num_partial_branches": 13, "covered_branches": 61, "missing_branches": 15}, "missing_lines": [79, 86, 96, 109, 124, 161, 172, 173, 175, 182, 245, 251, 257, 258, 266, 267, 828, 829, 830, 905, 906, 908, 910, 913, 914, 915, 916, 917, 922, 923, 925, 927, 928, 929], "excluded_lines": [932, 934], "executed_branches": [[54, 55], [54, 57], [72, 73], [72, 89], [73, 74], [73, 78], [78, 84], [84, 72], [84, 85], [85, 84], [89, 90], [89, 100], [91, 92], [95, 97], [104, 105], [104, 107], [108, 112], [115, 116], [115, 121], [123, 127], [127, -38], [127, 128], [152, 153], [152, 155], [160, 165], [180, 184], [244, 250], [250, 256], [256, 264], [265, 273], [317, 318], [317, 377], [323, 324], [323, 328], [328, 332], [328, 340], [350, 355], [350, 367], [367, 368], [367, 375], [436, 437], [439, 440], [439, 442], [442, 443], [442, 445], [445, 446], [445, 448], [448, 449], [448, 452], [453, 454], [453, 457], [489, 490], [489, 492], [522, 523], [522, 525], [563, 564], [563, 569], [609, 610], [609, 612], [712, 714], [712, 717]], "missing_branches": [[78, 79], [85, 86], [91, 95], [95, 96], [108, 109], [123, 124], [160, 161], [180, 182], [244, 245], [250, 251], [256, 257], [265, 266], [436, 439], [922, 923], [922, 925]]}}}, "src/antibody_training_esm/data/__init__.py": {"executed_lines": [1, 10, 19], "summary": {"covered_lines": 2, "num_statements": 2, "percent_covered": 100.0, "percent_covered_display": "100.00", "missing_lines": 0, "excluded_lines": 0, "num_branches": 0, "num_partial_branches": 0, "covered_branches": 0, "missing_branches": 0}, "missing_lines": [], "excluded_lines": [], "executed_branches": [], "missing_branches": [], "functions": {"": {"executed_lines": [1, 10, 19], "summary": {"covered_lines": 2, "num_statements": 2, "percent_covered": 100.0, "percent_covered_display": "100.00", "missing_lines": 0, "excluded_lines": 0, "num_branches": 0, "num_partial_branches": 0, "covered_branches": 0, "missing_branches": 0}, "missing_lines": [], "excluded_lines": [], "executed_branches": [], "missing_branches": []}}, "classes": {"": {"executed_lines": [1, 10, 19], "summary": {"covered_lines": 2, "num_statements": 2, "percent_covered": 100.0, "percent_covered_display": "100.00", "missing_lines": 0, "excluded_lines": 0, "num_branches": 0, "num_partial_branches": 0, "covered_branches": 0, "missing_branches": 0}, "missing_lines": [], "excluded_lines": [], "executed_branches": [], "missing_branches": []}}}, "src/antibody_training_esm/data/loaders.py": {"executed_lines": [1, 8, 9, 10, 11, 12, 14, 15, 16, 18, 19, 22, 23, 25, 29, 34, 54, 57, 58, 60, 62, 65, 83, 84, 86, 87, 88, 89, 90, 91, 92, 94, 95, 98, 110, 111, 112, 115, 136, 141, 142, 144, 147, 165, 168, 169, 170, 174, 180, 181, 183, 186, 200, 202, 203, 209, 210, 216], "summary": {"covered_lines": 56, "num_statements": 59, "percent_covered": 93.50649350649351, "percent_covered_display": "93.51", "missing_lines": 3, "excluded_lines": 0, "num_branches": 18, "num_partial_branches": 2, "covered_branches": 16, "missing_branches": 2}, "missing_lines": [27, 31, 175], "excluded_lines": [], "executed_branches": [[57, 58], [57, 60], [83, 84], [83, 86], [87, 88], [89, 90], [89, 91], [91, 92], [91, 94], [169, 170], [169, 174], [174, 180], [202, 203], [202, 209], [209, 210], [209, 216]], "missing_branches": [[87, 89], [174, 175]], "functions": {"EmbeddingExtractor.extract_batch_embeddings": {"executed_lines": [], "summary": {"covered_lines": 0, "num_statements": 1, "percent_covered": 0.0, "percent_covered_display": "0.00", "missing_lines": 1, "excluded_lines": 0, "num_branches": 0, "num_partial_branches": 0, "covered_branches": 0, "missing_branches": 0}, "missing_lines": [27], "excluded_lines": [], "executed_branches": [], "missing_branches": []}, "EmbeddingExtractor.embed_sequence": {"executed_lines": [], "summary": {"covered_lines": 0, "num_statements": 1, "percent_covered": 0.0, "percent_covered_display": "0.00", "missing_lines": 1, "excluded_lines": 0, "num_branches": 0, "num_partial_branches": 0, "covered_branches": 0, "missing_branches": 0},
[...]
, "missing_lines": 0, "excluded_lines": 0, "num_branches": 0, "num_partial_branches": 0, "covered_branches": 0, "missing_branches": 0}, "missing_lines": [], "excluded_lines": [], "executed_branches": [], "missing_branches": []}}}, "src/antibody_training_esm/datasets/harvey.py": {"executed_lines": [1, 25, 26, 27, 29, 31, 32, 39, 40, 51, 61, 67, 77, 79, 94, 95, 96, 97, 98, 100, 120, 122, 126, 127, 129, 130, 135, 136, 142, 143, 144, 150, 152, 153, 154, 160, 163, 166, 167, 170, 175, 176, 179, 180, 183, 186, 189, 190, 195, 196, 199, 204, 205, 210, 216], "summary": {"covered_lines": 53, "num_statements": 62, "percent_covered": 82.5, "percent_covered_display": "82.50", "missing_lines": 9, "excluded_lines": 0, "num_branches": 18, "num_partial_branches": 5, "covered_branches": 13, "missing_branches": 5}, "missing_lines": [121, 123, 145, 155, 191, 192, 193, 238, 239], "excluded_lines": [], "executed_branches": [[95, 96], [95, 98], [96, 95], [96, 97], [120, 122], [122, 126], [129, 130], [129, 135], [135, 136], [135, 142], [144, 150], [154, 160], [190, 195]], "missing_branches": [[120, 121], [122, 123], [144, 145], [154, 155], [190, 191]], "functions": {"HarveyDataset.__init__": {"executed_lines": [61], "summary": {"covered_lines": 1, "num_statements": 1, "percent_covered": 100.0, "percent_covered_display": "100.00", "missing_lines": 0, "excluded_lines": 0, "num_branches": 0, "num_partial_branches": 0, "covered_branches": 0, "missing_branches": 0}, "missing_lines": [], "excluded_lines": [], "executed_branches": [], "missing_branches": []}, "HarveyDataset.get_fragment_types": {"executed_lines": [77], "summary": {"covered_lines": 1, "num_statements": 1, "percent_covered": 100.0, "percent_covered_display": "100.00", "missing_lines": 0, "excluded_lines": 0, "num_branches": 0, "num_partial_branches": 0, "covered_branches": 0, "missing_branches": 0}, "missing_lines": [], "excluded_lines": [], "executed_branches": [], "missing_branches": []}, "HarveyDataset.extract_sequence_from_imgt": {"executed_lines": [94, 95, 96, 97, 98], "summary": {"covered_lines": 5, "num_statements": 5, "percent_covered": 100.0, "percent_covered_display": "100.00", "missing_lines": 0, "excluded_lines": 0, "num_branches": 4, "num_partial_branches": 0, "covered_branches": 4, "missing_branches": 0}, "missing_lines": [], "excluded_lines": [], "executed_branches": [[95, 96], [95, 98], [96, 95], [96, 97]], "missing_branches": []}, "HarveyDataset.load_data": {"executed_lines": [120, 122, 126, 127, 129, 130, 135, 136, 142, 143, 144, 150, 152, 153, 154, 160, 163, 166, 167, 170, 175, 176, 179, 180, 183, 186, 189, 190, 195, 196, 199, 204, 205, 210], "summary": {"covered_lines": 34, "num_statements": 41, "percent_covered": 78.18181818181819, "percent_covered_display": "78.18", "missing_lines": 7, "excluded_lines": 0, "num_branches": 14, "num_partial_branches": 5, "covered_branches": 9, "missing_branches": 5}, "missing_lines": [121, 123, 145, 155, 191, 192, 193], "excluded_lines": [], "executed_branches": [[120, 122], [122, 126], [129, 130], [129, 135], [135, 136], [135, 142], [144, 150], [154, 160], [190, 195]], "missing_branches": [[120, 121], [122, 123], [144, 145], [154, 155], [190, 191]]}, "load_harvey_data": {"executed_lines": [], "summary": {"covered_lines": 0, "num_statements": 2, "percent_covered": 0.0, "percent_covered_display": "0.00", "missing_lines": 2, "excluded_lines": 0, "num_branches": 0, "num_partial_branches": 0, "covered_branches": 0, "missing_branches": 0}, "missing_lines": [238, 239], "excluded_lines": [], "executed_branches": [], "missing_branches": []}, "": {"executed_lines": [1, 25, 26, 27, 29, 31, 32, 39, 40, 51, 67, 79, 100, 216], "summary": {"covered_lines": 12, "num_statements": 12, "percent_covered": 100.0, "percent_covered_display": "100.00", "missing_lines": 0, "excluded_lines": 0, "num_branches": 0, "num_partial_branches": 0, "covered_branches": 0, "missing_branches": 0}, "missing_lines": [], "excluded_lines": [], "executed_branches": [], "missing_branches": []}}, "classes": {"HarveyDataset": {"executed_lines": [61, 77, 94, 95, 96, 97, 98, 120, 122, 126, 127, 129, 130, 135, 136, 142, 143, 144, 150, 152, 153, 154, 160, 163, 166, 167, 170, 175, 176, 179, 180, 183, 186, 189, 190, 195, 196, 199, 204, 205, 210], "summary": {"covered_lines": 41, "num_statements": 48, "percent_covered": 81.81818181818181, "percent_covered_display": "81.82", "missing_lines": 7, "excluded_lines": 0, "num_branches": 18, "num_partial_branches": 5, "covered_branches": 13, "missing_branches": 5}, "missing_lines": [121, 123, 145, 155, 191, 192, 193], "excluded_lines": [], "executed_branches": [[95, 96], [95, 98], [96, 95], [96, 97], [120, 122], [122, 126], [129, 130], [129, 135], [135, 136], [135, 142], [144, 150], [154, 160], [190, 195]], "missing_branches": [[120, 121], [122, 123], [144, 145], [154, 155], [190, 191]]}, "": {"executed_lines": [1, 25, 26, 27, 29, 31, 32, 39, 40, 51, 67, 79, 100, 216], "summary": {"covered_lines": 12, "num_statements": 14, "percent_covered": 85.71428571428571, "percent_covered_display": "85.71", "missing_lines": 2, "excluded_lines": 0, "num_branches": 0, "num_partial_branches": 0, "covered_branches": 0, "missing_branches": 0}, "missing_lines": [238, 239], "excluded_lines": [], "executed_branches": [], "missing_branches": []}}}, "src/antibody_training_esm/datasets/jain.py": {"executed_lines": [1, 34, 35, 36, 38, 40, 41, 44, 45, 56, 59, 60, 61, 63, 73, 79, 88, 90, 115, 117, 118, 120, 121, 123, 124, 130, 131, 134, 141, 142, 143, 146, 152, 155, 156, 157, 160, 176, 184, 186, 187, 188, 191, 192, 193, 194, 195, 196, 198, 200, 214, 215, 216, 218, 219, 220, 222, 224, 246, 247, 248, 249, 252, 253, 254, 255, 256, 257, 260, 261, 262, 263, 264, 267, 268, 269, 270, 271, 273, 274, 276, 277, 278, 280, 282, 298, 299, 302, 307, 308, 311, 313, 314, 316, 317, 318, 319, 321, 327], "summary": {"covered_lines": 97, "num_statements": 101, "percent_covered": 95.1219512195122, "percent_covered_display": "95.12", "missing_lines": 4, "excluded_lines": 0, "num_branches": 22, "num_partial_branches": 2, "covered_branches": 20, "missing_branches": 2}, "missing_lines": [116, 135, 351, 352], "excluded_lines": [], "executed_branches": [[115, 117], [117, 118], [117, 120], [123, 124], [123, 130], [134, 141], [155, 156], [155, 191], [191, 192], [191, 193], [193, 194], [193, 198], [252, 253], [252, 260], [254, 252], [254, 255], [261, 262], [261, 267], [268, 269], [268, 273]], "missing_branches": [[115, 116], [134, 135]], "functions": {"JainDataset.__init__": {"executed_lines": [73], "summary": {"covered_lines": 1, "num_statements": 1, "percent_covered": 100.0, "percent_covered_display": "100.00", "missing_lines": 0, "excluded_lines": 0, "num_branches": 0, "num_partial_branches": 0, "covered_branches": 0, "missing_branches": 0}, "missing_lines": [], "excluded_lines": [], "executed_branches": [], "missing_branches": []}, "JainDataset.get_fragment_types": {"executed_lines": [88], "summary": {"covered_lines": 1, "num_statements": 1, "percent_covered": 100.0, "percent_covered_display": "100.00", "missing_lines": 0, "excluded_lines": 0, "num_branches": 0, "num_partial_branches": 0, "covered_branches": 0, "missing_branches": 0}, "missing_lines": [], "excluded_lines": [], "executed_branches": [], "missing_branches": []}, "JainDataset.load_data": {"executed_lines": [115, 117, 118, 120, 121, 123, 124, 130, 131, 134, 141, 142, 143, 146, 152, 155, 156, 157, 160, 176, 184, 186, 187, 188, 191, 192, 193, 194, 195, 196, 198], "summary": {"covered_lines": 31, "num_statements": 33, "percent_covered": 91.48936170212765, "percent_covered_display": "91.49", "missing_lines": 2, "excluded_lines": 0, "num_branches": 14, "num_partial_branches": 2, "covered_branches": 12, "missing_branches": 2}, "missing_lines": [116, 135], "excluded_lines": [], "executed_branches": [[115, 117], [117, 118], [117, 120], [123, 124], [123, 130], [134, 141], [155, 156], [155, 191], [191, 192], [191, 193], [193, 194], [193, 198]], "missing_branches": [[115, 116], [134, 135]]}, "JainDataset.filter_elisa_1to3": {"executed_lines": [214, 215, 216, 218, 219, 220, 222], "summary": {"covered_lines": 7, "num_statements": 7, "percent_covered": 100.0, "percent_covered_display": "100.00", "missing_lines": 0, "excluded_lines": 0, "num_branches": 0, "num_partial_branches": 0, "covered_branches": 0, "missing_branches": 0}, "missing_lines": [], "excluded_lines": [], "executed_branches": [], "missing_branches": []}, "JainDataset.reclassify_5_antibodies": {"executed_lines": [246, 247, 248, 249, 252, 253, 254, 255, 256, 257, 260, 261, 262, 263, 264, 267, 268, 269, 270, 271, 273, 274, 276, 277, 278, 280], "summary": {"covered_lines": 26, "num_statements": 26, "percent_covered": 100.0, "percent_covered_display": "100.00", "missing_lines": 0, "excluded_lines": 0, "num_branches": 8, "num_partial_branches": 0, "covered_branches": 8, "missing_branches": 0}, "missing_lines": [], "excluded_lines": [], "executed_branches": [[252, 253], [252, 260], [254, 252], [254, 255], [261, 262], [261, 267], [268, 269], [268, 273]], "missing_branches": []}, "JainDataset.remove_30_by_psr_acsins": {"executed_lines": [298, 299, 302, 307, 308, 311, 313, 314, 316, 317, 318, 319, 321], "summary": {"covered_lines": 13, "num_statements": 13, "percent_covered": 100.0, "percent_covered_display": "100.00", "missing_lines": 0, "excluded_lines": 0, "num_branches": 0, "num_partial_branches": 0, "covered_branches": 0, "missing_branches": 0}, "missing_lines": [], "excluded_lines": [], "executed_branches": [], "missing_branches": []}, "load_jain_data": {"executed_lines": [], "summary": {"covered_lines": 0, "num_statements": 2, "percent_covered": 0.0, "percent_covered_display": "0.00", "missing_lines": 2, "excluded_lines": 0, "num_branches": 0, "num_partial_branches": 0, "covered_branches": 0, "missing_branches": 0}, "missing_lines": [351, 352], "excluded_lines": [], "executed_branches": [], "missing_branches": []}, "": {"executed_lines": [1, 34, 35, 36, 38, 40, 41, 44, 45, 56, 59, 60, 61, 63, 79, 90, 200, 224, 282, 327], "summary": {"covered_lines": 18, "num_statements": 18, "percent_covered": 100.0, "percent_covered_display": "100.00", "missing_lines": 0, "excluded_lines": 0, "num_branches": 0, "num_partial_branches": 0, "covered_branches": 0, "missing_branches": 0}, "missing_lines": [], "excluded_lines": [], "executed_branches": [], "missing_branches": []}}, "classes": {"JainDataset": {"executed_lines": [73, 88, 115, 117, 118, 120, 121, 123, 124, 130, 131, 134, 141, 142, 143, 146, 152, 155, 156, 157, 160, 176, 184, 186, 187, 188, 191, 192, 193, 194, 195, 196, 198, 214, 215, 216, 218, 219, 220, 222, 246, 247, 248, 249, 252, 253, 254, 255, 256, 257, 260, 261, 262, 263, 264, 267, 268, 269, 270, 271, 273, 274, 276, 277, 278, 280, 298, 299, 302, 307, 308, 311, 313, 314, 316, 317, 318, 319, 321], "summary": {"covered_lines": 79, "num_statements": 81, "percent_covered": 96.11650485436893, "percent_covered_display": "96.12", "missing_lines": 2, "excluded_lines": 0, "num_branches": 22, "num_partial_branches": 2, "covered_branches": 20, "missing_branches": 2}, "missing_lines": [116, 135], "excluded_lines": [], "executed_branches": [[115, 117], [117, 118], [117, 120], [123, 124], [123, 130], [134, 141], [155, 156], [155, 191], [191, 192], [191, 193], [193, 194], [193, 198], [252, 253], [252, 260], [254, 252], [254, 255], [261, 262], [261, 267], [268, 269], [268, 273]], "missing_branches": [[115, 116], [134, 135]]}, "": {"executed_lines": [1, 34, 35, 36, 38, 40, 41, 44, 45, 56, 59, 60, 61, 63, 79, 90, 200, 224, 282, 327], "summary": {"covered_lines": 18, "num_statements": 20, "percent_covered": 90.0, "percent_covered_display": "90.00", "missing_lines": 2, "excluded_lines": 0, "num_branches": 0, "num_partial_branches": 0, "covered_branches": 0, "missing_branches": 0}, "missing_lines": [351, 352], "excluded_lines": [], "executed_branches": [], "missing_branches": []}}}, "src/antibody_training_esm/datasets/shehata.py": {"executed_lines": [1, 25, 26, 27, 29, 31, 32, 35, 36, 48, 50, 60, 66, 75, 77, 95, 96, 98, 100, 101, 102, 103, 104, 105, 106, 107, 108, 109, 112, 114, 116, 137, 140, 141, 142, 148, 149, 152, 159, 162, 163, 164, 166, 169, 174, 175, 177, 178, 179, 182, 183, 184, 185, 191, 192, 194, 204, 205, 207, 210, 222, 223, 224, 225, 226, 227, 232, 233, 234, 235, 237, 243], "summary": {"covered_lines": 70, "num_statements": 79, "percent_covered": 86.86868686868686, "percent_covered_display": "86.87", "missing_lines": 9, "excluded_lines": 0, "num_branches": 20, "num_partial_branches": 4, "covered_branches": 16, "missing_branches": 4}, "missing_lines": [138, 153, 186, 195, 196, 200, 201, 265, 266], "excluded_lines": [], "executed_branches": [[95, 96], [95, 98], [137, 140], [141, 142], [141, 148], [152, 159], [177, 178], [177, 182], [185, 191], [194, 204], [204, 205], [204, 207], [224, 225], [224, 232], [234, 235], [234, 237]], "missing_branches": [[137, 138], [152, 153], [185, 186], [194, 195]], "functions": {"ShehataDataset.__init__": {"executed_lines": [60], "summary": {"covered_lines": 1, "num_statements": 1, "percent_covered": 100.0, "percent_covered_display": "100.00", "missing_lines": 0, "excluded_lines": 0, "num_branches": 0, "num_partial_branches": 0, "covered_branches": 0, "missing_branches": 0}, "missing_lines": [], "excluded_lines": [], "executed_branches": [], "missing_branches": []}, "ShehataDataset.get_fragment_types": {"executed_lines": [75], "summary": {"covered_lines": 1, "num_statements": 1, "percent_covered": 100.0, "percent_covered_display": "100.00", "missing_lines": 0, "excluded_lines": 0, "num_branches": 0, "num_partial_branches": 0, "covered_branches": 0, "missing_branches": 0}, "missing_lines": [], "excluded_lines": [], "executed_branches": [], "missing_branches": []}, "ShehataDataset.calculate_psr_threshold": {"executed_lines": [95, 96, 98, 100, 101, 102, 103, 104, 105, 106, 107, 108, 109, 112, 114], "summary": {"covered_lines": 15, "num_statements": 15, "percent_covered": 100.0, "percent_covered_display": "100.00", "missing_lines": 0, "excluded_lines": 0, "num_branches": 2, "num_partial_branches": 0, "covered_branches": 2, "missing_branches": 0}, "missing_lines": [], "excluded_lines": [], "executed_branches": [[95, 96], [95, 98]], "missing_branches": []}, "ShehataDataset.load_data": {"executed_lines": [137, 140, 141, 142, 148, 149, 152, 159, 162, 163, 164, 166, 169, 174, 175, 177, 178, 179, 182, 183, 184, 185, 191, 192, 194, 204, 205, 207, 210, 222, 223, 224, 225, 226, 227, 232, 233, 234, 235, 237], "summary": {"covered_lines": 40, "num_statements": 47, "percent_covered": 83.07692307692308, "percent_covered_display": "83.08", "missing_lines": 7, "excluded_lines": 0, "num_branches": 18, "num_partial_branches": 4, "covered_branches": 14, "missing_branches": 4}, "missing_lines": [138, 153, 186, 195, 196, 200, 201], "excluded_lines": [], "executed_branches": [[137, 140], [141, 142], [141, 148], [152, 159], [177, 178], [177, 182], [185, 191], [194, 204], [204, 205], [204, 207], [224, 225], [224, 232], [234, 235], [234, 237]], "missing_branches": [[137, 138], [152, 153], [185, 186], [194, 195]]}, "load_shehata_data": {"executed_lines": [], "summary": {"covered_lines": 0, "num_statements": 2, "percent_covered": 0.0, "percent_covered_display": "0.00", "missing_lines": 2, "excluded_lines": 0, "num_branches": 0, "num_partial_branches": 0, "covered_branches": 0, "missing_branches": 0}, "missing_lines": [265, 266], "excluded_lines": [], "executed_branches": [], "missing_branches": []}, "": {"executed_lines": [1, 25, 26, 27, 29, 31, 32, 35, 36, 48, 50, 66, 77, 116, 243], "summary": {"covered_lines": 13, "num_statements": 13, "percent_covered": 100.0, "percent_covered_display": "100.00", "missing_lines": 0, "excluded_lines": 0, "num_branches": 0, "num_partial_branches": 0, "covered_branches": 0, "missing_branches": 0}, "missing_lines": [], "excluded_lines": [], "executed_branches": [], "missing_branches": []}}, "classes": {"ShehataDataset": {"executed_lines": [60, 75, 95, 96, 98, 100, 101, 102, 103, 104, 105, 106, 107, 108, 109, 112, 114, 137, 140, 141, 142, 148, 149, 152, 159, 162, 163, 164, 166, 169, 174, 175, 177, 178, 179, 182, 183, 184, 185, 191, 192, 194, 204, 205, 207, 210, 222, 223, 224, 225, 226, 227, 232, 233, 234, 235, 237], "summary": {"covered_lines": 57, "num_statements": 64, "percent_covered": 86.9047619047619, "percent_covered_display": "86.90", "missing_lines": 7, "excluded_lines": 0, "num_branches": 20, "num_partial_branches": 4, "covered_branches": 16, "missing_branches": 4}, "missing_lines": [138, 153, 186, 195, 196, 200, 201], "excluded_lines": [], "executed_branches": [[95, 96], [95, 98], [137, 140], [141, 142], [141, 148], [152, 159], [177, 178], [177, 182], [185, 191], [194, 204], [204, 205], [204, 207], [224, 225], [224, 232], [234, 235], [234, 237]], "missing_branches": [[137, 138], [152, 153], [185, 186], [194, 195]]}, "": {"executed_lines": [1, 25, 26, 27, 29, 31, 32, 35, 36, 48, 50, 66, 77, 116, 243], "summary": {"covered_lines": 13, "num_statements": 15, "percent_covered": 86.66666666666667, "percent_covered_display": "86.67", "missing_lines": 2, "excluded_lines": 0, "num_branches": 0, "num_partial_branches": 0, "covered_branches": 0, "missing_branches": 0}, "missing_lines": [265, 266], "excluded_lines": [], "executed_branches": [], "missing_branches": []}}}, "src/antibody_training_esm/evaluation/__init__.py": {"executed_lines": [], "summary": {"covered_lines": 0, "num_statements": 0, "percent_covered": 100.0, "percent_covered_display": "100.00", "missing_lines": 0, "excluded_lines": 0, "num_branches": 0, "num_partial_branches": 0, "covered_branches": 0, "missing_branches": 0}, "missing_lines": [], "excluded_lines": [], "executed_branches": [], "missing_branches": [], "functions": {"": {"executed_lines": [], "summary": {"covered_lines": 0, "num_statements": 0, "percent_covered": 100.0, "percent_covered_display": "100.00", "missing_lines": 0, "excluded_lines": 0, "num_branches": 0, "num_partial_branches": 0, "covered_branches": 0, "missing_branches": 0}, "missing_lines": [], "excluded_lines": [], "executed_branches": [], "missing_branches": []}}, "classes": {"": {"executed_lines": [], "summary": {"covered_lines": 0, "num_statements": 0, "percent_covered": 100.0, "percent_covered_display": "100.00", "missing_lines": 0, "excluded_lines": 0, "num_branches": 0, "num_partial_branches": 0, "covered_branches": 0, "missing_branches": 0}, "missing_lines": [], "excluded_lines": [], "executed_branches": [], "missing_branches": []}}}, "src/antibody_training_esm/utils/__init__.py": {"executed_lines": [], "summary": {"covered_lines": 0, "num_statements": 0, "percent_covered": 100.0, "percent_covered_display": "100.00", "missing_lines": 0, "excluded_lines": 0, "num_branches": 0, "num_partial_branches": 0, "covered_branches": 0, "missing_branches": 0}, "missing_lines": [], "excluded_lines": [], "executed_branches": [], "missing_branches": [], "functions": {"": {"executed_lines": [], "summary": {"covered_lines": 0, "num_statements": 0, "percent_covered": 100.0, "percent_covered_display": "100.00", "missing_lines": 0, "excluded_lines": 0, "num_branches": 0, "num_partial_branches": 0, "covered_branches": 0, "missing_branches": 0}, "missing_lines": [], "excluded_lines": [], "executed_branches": [], "missing_branches": []}}, "classes": {"": {"executed_lines": [], "summary": {"covered_lines": 0, "num_statements": 0, "percent_covered": 100.0, "percent_covered_display": "100.00", "missing_lines": 0, "excluded_lines": 0, "num_branches": 0, "num_partial_branches": 0, "covered_branches": 0, "missing_branches": 0}, "missing_lines": [], "excluded_lines": [], "executed_branches": [], "missing_branches": []}}}}, "totals": {"covered_lines": 1555, "num_statements": 1703, "percent_covered": 89.01048791609666, "percent_covered_display": "89.01", "missing_lines": 148, "excluded_lines": 11, "num_branches": 490, "num_partial_branches": 75, "covered_branches": 397, "missing_branches": 93}}